{"D:\\workspace\\r2scompany\\Career-Platform\\src\\features\\dashboard\\pages\\DashboardHome.tsx": {"path":"D:\\workspace\\r2scompany\\Career-Platform\\src\\features\\dashboard\\pages\\DashboardHome.tsx","statementMap":{"0":{"start":{"line":1,"column":0},"end":{"line":1,"column":26}},"1":{"start":{"line":2,"column":0},"end":{"line":2,"column":47}},"2":{"start":{"line":5,"column":0},"end":{"line":5,"column":80}},"3":{"start":{"line":6,"column":0},"end":{"line":6,"column":72}},"4":{"start":{"line":7,"column":0},"end":{"line":7,"column":64}},"5":{"start":{"line":8,"column":0},"end":{"line":8,"column":58}},"6":{"start":{"line":10,"column":17},"end":{"line":35,"column":2}},"7":{"start":{"line":37,"column":32},"end":{"line":69,"column":1}},"8":{"start":{"line":38,"column":19},"end":{"line":38,"column":32}},"9":{"start":{"line":40,"column":2},"end":{"line":68,"column":4}},"10":{"start":{"line":45,"column":10},"end":{"line":46,"column":null}},"11":{"start":{"line":47,"column":27},"end":{"line":47,"column":49}},"12":{"start":{"line":71,"column":0},"end":{"line":71,"column":29}}},"fnMap":{"0":{"name":"(anonymous_1)","decl":{"start":{"line":37,"column":32},"end":{"line":37,"column":35}},"loc":{"start":{"line":37,"column":37},"end":{"line":69,"column":1}}},"1":{"name":"(anonymous_2)","decl":{"start":{"line":44,"column":22},"end":{"line":44,"column":23}},"loc":{"start":{"line":45,"column":10},"end":{"line":46,"column":null}}},"2":{"name":"(anonymous_3)","decl":{"start":{"line":47,"column":21},"end":{"line":47,"column":24}},"loc":{"start":{"line":47,"column":27},"end":{"line":47,"column":49}}}},"branchMap":{},"s":{"0":1,"1":1,"2":1,"3":1,"4":1,"5":1,"6":1,"7":1,"8":2,"9":2,"10":8,"11":0,"12":1},"f":{"0":2,"1":8,"2":0},"b":{}}
}
