{"D:\\workspace\\r2scompany\\Career-Platform\\src\\App.tsx": {"path":"D:\\workspace\\r2scompany\\Career-Platform\\src\\App.tsx","statementMap":{"0":{"start":{"line":1,"column":0},"end":{"line":1,"column":61}},"1":{"start":{"line":2,"column":0},"end":{"line":2,"column":62}},"2":{"start":{"line":3,"column":0},"end":{"line":3,"column":39}},"3":{"start":{"line":4,"column":0},"end":{"line":4,"column":28}},"4":{"start":{"line":5,"column":0},"end":{"line":5,"column":43}},"5":{"start":{"line":6,"column":0},"end":{"line":6,"column":49}},"6":{"start":{"line":7,"column":0},"end":{"line":7,"column":38}},"7":{"start":{"line":8,"column":0},"end":{"line":8,"column":21}},"8":{"start":{"line":9,"column":0},"end":{"line":9,"column":47}},"9":{"start":{"line":14,"column":4},"end":{"line":14,"column":17}},"10":{"start":{"line":15,"column":4},"end":{"line":15,"column":50}},"11":{"start":{"line":19,"column":4},"end":{"line":19,"column":37}},"12":{"start":{"line":23,"column":4},"end":{"line":23,"column":70}},"13":{"start":{"line":27,"column":4},"end":{"line":37,"column":5}},"14":{"start":{"line":28,"column":6},"end":{"line":36,"column":8}},"15":{"start":{"line":32,"column":33},"end":{"line":32,"column":57}},"16":{"start":{"line":39,"column":4},"end":{"line":39,"column":31}},"17":{"start":{"line":44,"column":30},"end":{"line":52,"column":1}},"18":{"start":{"line":45,"column":19},"end":{"line":45,"column":32}},"19":{"start":{"line":47,"column":2},"end":{"line":49,"column":17}},"20":{"start":{"line":48,"column":4},"end":{"line":48,"column":26}},"21":{"start":{"line":51,"column":2},"end":{"line":51,"column":14}},"22":{"start":{"line":55,"column":54},"end":{"line":133,"column":1}},"23":{"start":{"line":57,"column":38},"end":{"line":57,"column":53}},"24":{"start":{"line":58,"column":40},"end":{"line":58,"column":54}},"25":{"start":{"line":59,"column":34},"end":{"line":59,"column":49}},"26":{"start":{"line":61,"column":2},"end":{"line":91,"column":9}},"27":{"start":{"line":63,"column":23},"end":{"line":88,"column":5}},"28":{"start":{"line":64,"column":6},"end":{"line":87,"column":7}},"29":{"start":{"line":66,"column":8},"end":{"line":75,"column":9}},"30":{"start":{"line":67,"column":10},"end":{"line":67,"column":66}},"31":{"start":{"line":69,"column":29},"end":{"line":69,"column":55}},"32":{"start":{"line":70,"column":10},"end":{"line":74,"column":12}},"33":{"start":{"line":72,"column":14},"end":{"line":72,"column":53}},"34":{"start":{"line":78,"column":22},"end":{"line":78,"column":51}},"35":{"start":{"line":79,"column":8},"end":{"line":79,"column":63}},"36":{"start":{"line":82,"column":8},"end":{"line":82,"column":66}},"37":{"start":{"line":82,"column":39},"end":{"line":82,"column":64}},"38":{"start":{"line":84,"column":8},"end":{"line":84,"column":56}},"39":{"start":{"line":86,"column":8},"end":{"line":86,"column":28}},"40":{"start":{"line":90,"column":4},"end":{"line":90,"column":17}},"41":{"start":{"line":93,"column":2},"end":{"line":98,"column":19}},"42":{"start":{"line":94,"column":4},"end":{"line":97,"column":5}},"43":{"start":{"line":95,"column":6},"end":{"line":95,"column":24}},"44":{"start":{"line":96,"column":6},"end":{"line":96,"column":51}},"45":{"start":{"line":96,"column":23},"end":{"line":96,"column":44}},"46":{"start":{"line":101,"column":2},"end":{"line":132,"column":4}},"47":{"start":{"line":135,"column":0},"end":{"line":135,"column":19}}},"fnMap":{"0":{"name":"(anonymous_10)","decl":{"start":{"line":13,"column":2},"end":{"line":13,"column":14}},"loc":{"start":{"line":13,"column":50},"end":{"line":16,"column":3}}},"1":{"name":"(anonymous_11)","decl":{"start":{"line":18,"column":2},"end":{"line":18,"column":8}},"loc":{"start":{"line":18,"column":46},"end":{"line":20,"column":3}}},"2":{"name":"(anonymous_12)","decl":{"start":{"line":22,"column":2},"end":{"line":22,"column":19}},"loc":{"start":{"line":22,"column":60},"end":{"line":24,"column":3}}},"3":{"name":"(anonymous_13)","decl":{"start":{"line":26,"column":2},"end":{"line":26,"column":8}},"loc":{"start":{"line":26,"column":8},"end":{"line":40,"column":3}}},"4":{"name":"(anonymous_14)","decl":{"start":{"line":32,"column":27},"end":{"line":32,"column":30}},"loc":{"start":{"line":32,"column":33},"end":{"line":32,"column":57}}},"5":{"name":"(anonymous_15)","decl":{"start":{"line":44,"column":30},"end":{"line":44,"column":33}},"loc":{"start":{"line":44,"column":35},"end":{"line":52,"column":1}}},"6":{"name":"(anonymous_16)","decl":{"start":{"line":47,"column":12},"end":{"line":47,"column":15}},"loc":{"start":{"line":47,"column":17},"end":{"line":49,"column":3}}},"7":{"name":"(anonymous_17)","decl":{"start":{"line":55,"column":54},"end":{"line":55,"column":55}},"loc":{"start":{"line":55,"column":71},"end":{"line":133,"column":1}}},"8":{"name":"(anonymous_18)","decl":{"start":{"line":61,"column":12},"end":{"line":61,"column":15}},"loc":{"start":{"line":61,"column":17},"end":{"line":91,"column":3}}},"9":{"name":"(anonymous_19)","decl":{"start":{"line":63,"column":23},"end":{"line":63,"column":28}},"loc":{"start":{"line":63,"column":34},"end":{"line":88,"column":5}}},"10":{"name":"(anonymous_20)","decl":{"start":{"line":71,"column":27},"end":{"line":71,"column":28}},"loc":{"start":{"line":71,"column":41},"end":{"line":73,"column":13}}},"11":{"name":"(anonymous_21)","decl":{"start":{"line":82,"column":26},"end":{"line":82,"column":27}},"loc":{"start":{"line":82,"column":39},"end":{"line":82,"column":64}}},"12":{"name":"(anonymous_22)","decl":{"start":{"line":93,"column":12},"end":{"line":93,"column":15}},"loc":{"start":{"line":93,"column":17},"end":{"line":98,"column":3}}},"13":{"name":"(anonymous_23)","decl":{"start":{"line":96,"column":17},"end":{"line":96,"column":20}},"loc":{"start":{"line":96,"column":23},"end":{"line":96,"column":44}}}},"branchMap":{"0":{"loc":{"start":{"line":27,"column":4},"end":{"line":37,"column":5}},"type":"if","locations":[{"start":{"line":27,"column":4},"end":{"line":37,"column":5}}]},"1":{"loc":{"start":{"line":31,"column":58},"end":{"line":31,"column":103}},"type":"binary-expr","locations":[{"start":{"line":31,"column":58},"end":{"line":31,"column":83}},{"start":{"line":31,"column":87},"end":{"line":31,"column":103}}]},"2":{"loc":{"start":{"line":66,"column":8},"end":{"line":75,"column":9}},"type":"if","locations":[{"start":{"line":66,"column":8},"end":{"line":75,"column":9}}]},"3":{"loc":{"start":{"line":94,"column":4},"end":{"line":97,"column":5}},"type":"if","locations":[{"start":{"line":94,"column":4},"end":{"line":97,"column":5}}]},"4":{"loc":{"start":{"line":109,"column":17},"end":{"line":124,"column":null}},"type":"cond-expr","locations":[{"start":{"line":110,"column":18},"end":{"line":114,"column":null}},{"start":{"line":117,"column":18},"end":{"line":123,"column":null}}]},"5":{"loc":{"start":{"line":110,"column":126},"end":{"line":110,"column":164}},"type":"cond-expr","locations":[{"start":{"line":110,"column":137},"end":{"line":110,"column":148}},{"start":{"line":110,"column":151},"end":{"line":110,"column":164}}]},"6":{"loc":{"start":{"line":118,"column":21},"end":{"line":122,"column":null}},"type":"binary-expr","locations":[{"start":{"line":118,"column":21},"end":{"line":118,"column":29}},{"start":{"line":119,"column":22},"end":{"line":121,"column":null}}]}},"s":{"0":1,"1":1,"2":1,"3":1,"4":1,"5":1,"6":1,"7":1,"8":1,"9":4,"10":3,"11":2,"12":1,"13":12,"14":2,"15":0,"16":10,"17":1,"18":11,"19":11,"20":4,"21":11,"22":1,"23":10,"24":10,"25":10,"26":10,"27":3,"28":3,"29":3,"30":3,"31":3,"32":3,"33":0,"34":3,"35":3,"36":3,"37":3,"38":0,"39":2,"40":3,"41":10,"42":5,"43":2,"44":2,"45":2,"46":10,"47":1},"f":{"0":4,"1":2,"2":1,"3":12,"4":0,"5":11,"6":4,"7":10,"8":3,"9":3,"10":0,"11":3,"12":5,"13":2},"b":{"0":[2],"1":[2,0],"2":[3],"3":[2],"4":[7,3],"5":[2,5],"6":[3,1]}}
,"D:\\workspace\\r2scompany\\Career-Platform\\src\\components\\Assistant\\Assistant.tsx": {"path":"D:\\workspace\\r2scompany\\Career-Platform\\src\\components\\Assistant\\Assistant.tsx","statementMap":{"0":{"start":{"line":1,"column":0},"end":{"line":1,"column":59}},"1":{"start":{"line":2,"column":0},"end":{"line":2,"column":55}},"2":{"start":{"line":3,"column":0},"end":{"line":3,"column":61}},"3":{"start":{"line":9,"column":20},"end":{"line":9,"column":170}},"4":{"start":{"line":11,"column":21},"end":{"line":18,"column":1}},"5":{"start":{"line":12,"column":2},"end":{"line":12,"column":97}},"6":{"start":{"line":12,"column":40},"end":{"line":12,"column":97}},"7":{"start":{"line":13,"column":2},"end":{"line":13,"column":104}},"8":{"start":{"line":13,"column":43},"end":{"line":13,"column":104}},"9":{"start":{"line":14,"column":2},"end":{"line":14,"column":112}},"10":{"start":{"line":14,"column":45},"end":{"line":14,"column":112}},"11":{"start":{"line":15,"column":2},"end":{"line":15,"column":134}},"12":{"start":{"line":15,"column":44},"end":{"line":15,"column":134}},"13":{"start":{"line":17,"column":2},"end":{"line":17,"column":57}},"14":{"start":{"line":20,"column":44},"end":{"line":165,"column":1}},"15":{"start":{"line":21,"column":26},"end":{"line":21,"column":61}},"16":{"start":{"line":22,"column":34},"end":{"line":22,"column":88}},"17":{"start":{"line":23,"column":28},"end":{"line":23,"column":40}},"18":{"start":{"line":24,"column":25},"end":{"line":24,"column":53}},"19":{"start":{"line":26,"column":2},"end":{"line":30,"column":23}},"20":{"start":{"line":27,"column":4},"end":{"line":29,"column":5}},"21":{"start":{"line":28,"column":6},"end":{"line":28,"column":68}},"22":{"start":{"line":32,"column":21},"end":{"line":40,"column":3}},"23":{"start":{"line":33,"column":17},"end":{"line":33,"column":36}},"24":{"start":{"line":34,"column":4},"end":{"line":34,"column":22}},"25":{"start":{"line":34,"column":15},"end":{"line":34,"column":22}},"26":{"start":{"line":35,"column":4},"end":{"line":35,"column":61}},"27":{"start":{"line":35,"column":26},"end":{"line":35,"column":59}},"28":{"start":{"line":36,"column":4},"end":{"line":36,"column":17}},"29":{"start":{"line":37,"column":4},"end":{"line":39,"column":12}},"30":{"start":{"line":38,"column":6},"end":{"line":38,"column":82}},"31":{"start":{"line":38,"column":28},"end":{"line":38,"column":80}},"32":{"start":{"line":42,"column":2},"end":{"line":52,"column":3}},"33":{"start":{"line":43,"column":4},"end":{"line":51,"column":6}},"34":{"start":{"line":46,"column":23},"end":{"line":46,"column":36}},"35":{"start":{"line":55,"column":4},"end":{"line":144,"column":null}},"36":{"start":{"line":58,"column":33},"end":{"line":58,"column":47}},"37":{"start":{"line":68,"column":12},"end":{"line":69,"column":null}},"38":{"start":{"line":75,"column":29},"end":{"line":75,"column":42}},"39":{"start":{"line":84,"column":10},"end":{"line":84,"column":25}},"40":{"start":{"line":101,"column":10},"end":{"line":101,"column":29}},"41":{"start":{"line":102,"column":10},"end":{"line":102,"column":23}},"42":{"start":{"line":113,"column":27},"end":{"line":113,"column":51}},"43":{"start":{"line":115,"column":12},"end":{"line":118,"column":13}},"44":{"start":{"line":116,"column":14},"end":{"line":116,"column":33}},"45":{"start":{"line":117,"column":14},"end":{"line":117,"column":27}},"46":{"start":{"line":148,"column":2},"end":{"line":150,"column":3}},"47":{"start":{"line":149,"column":4},"end":{"line":149,"column":25}},"48":{"start":{"line":152,"column":2},"end":{"line":164,"column":4}},"49":{"start":{"line":157,"column":23},"end":{"line":157,"column":37}},"50":{"start":{"line":167,"column":0},"end":{"line":167,"column":25}}},"fnMap":{"0":{"name":"(anonymous_10)","decl":{"start":{"line":11,"column":21},"end":{"line":11,"column":22}},"loc":{"start":{"line":11,"column":37},"end":{"line":18,"column":1}}},"1":{"name":"(anonymous_11)","decl":{"start":{"line":20,"column":44},"end":{"line":20,"column":45}},"loc":{"start":{"line":20,"column":71},"end":{"line":165,"column":1}}},"2":{"name":"(anonymous_12)","decl":{"start":{"line":26,"column":12},"end":{"line":26,"column":15}},"loc":{"start":{"line":26,"column":17},"end":{"line":30,"column":3}}},"3":{"name":"(anonymous_13)","decl":{"start":{"line":32,"column":21},"end":{"line":32,"column":22}},"loc":{"start":{"line":32,"column":38},"end":{"line":40,"column":3}}},"4":{"name":"(anonymous_14)","decl":{"start":{"line":35,"column":16},"end":{"line":35,"column":17}},"loc":{"start":{"line":35,"column":26},"end":{"line":35,"column":59}}},"5":{"name":"(anonymous_15)","decl":{"start":{"line":37,"column":15},"end":{"line":37,"column":18}},"loc":{"start":{"line":37,"column":20},"end":{"line":39,"column":5}}},"6":{"name":"(anonymous_16)","decl":{"start":{"line":38,"column":18},"end":{"line":38,"column":19}},"loc":{"start":{"line":38,"column":28},"end":{"line":38,"column":80}}},"7":{"name":"(anonymous_17)","decl":{"start":{"line":46,"column":17},"end":{"line":46,"column":20}},"loc":{"start":{"line":46,"column":23},"end":{"line":46,"column":36}}},"8":{"name":"(anonymous_18)","decl":{"start":{"line":58,"column":27},"end":{"line":58,"column":30}},"loc":{"start":{"line":58,"column":33},"end":{"line":58,"column":47}}},"9":{"name":"(anonymous_19)","decl":{"start":{"line":67,"column":27},"end":{"line":67,"column":28}},"loc":{"start":{"line":68,"column":12},"end":{"line":69,"column":null}}},"10":{"name":"(anonymous_20)","decl":{"start":{"line":75,"column":23},"end":{"line":75,"column":26}},"loc":{"start":{"line":75,"column":29},"end":{"line":75,"column":42}}},"11":{"name":"(anonymous_21)","decl":{"start":{"line":83,"column":22},"end":{"line":83,"column":23}},"loc":{"start":{"line":84,"column":10},"end":{"line":84,"column":25}}},"12":{"name":"(anonymous_22)","decl":{"start":{"line":100,"column":18},"end":{"line":100,"column":19}},"loc":{"start":{"line":100,"column":24},"end":{"line":103,"column":9}}},"13":{"name":"(anonymous_23)","decl":{"start":{"line":113,"column":20},"end":{"line":113,"column":21}},"loc":{"start":{"line":113,"column":27},"end":{"line":113,"column":51}}},"14":{"name":"(anonymous_24)","decl":{"start":{"line":114,"column":21},"end":{"line":114,"column":22}},"loc":{"start":{"line":114,"column":27},"end":{"line":119,"column":11}}},"15":{"name":"(anonymous_25)","decl":{"start":{"line":157,"column":17},"end":{"line":157,"column":20}},"loc":{"start":{"line":157,"column":23},"end":{"line":157,"column":37}}}},"branchMap":{"0":{"loc":{"start":{"line":12,"column":2},"end":{"line":12,"column":97}},"type":"if","locations":[{"start":{"line":12,"column":2},"end":{"line":12,"column":97}}]},"1":{"loc":{"start":{"line":13,"column":2},"end":{"line":13,"column":104}},"type":"if","locations":[{"start":{"line":13,"column":2},"end":{"line":13,"column":104}}]},"2":{"loc":{"start":{"line":14,"column":2},"end":{"line":14,"column":112}},"type":"if","locations":[{"start":{"line":14,"column":2},"end":{"line":14,"column":112}}]},"3":{"loc":{"start":{"line":15,"column":2},"end":{"line":15,"column":134}},"type":"if","locations":[{"start":{"line":15,"column":2},"end":{"line":15,"column":134}}]},"4":{"loc":{"start":{"line":20,"column":47},"end":{"line":20,"column":65}},"type":"default-arg","locations":[{"start":{"line":20,"column":60},"end":{"line":20,"column":65}}]},"5":{"loc":{"start":{"line":21,"column":35},"end":{"line":21,"column":60}},"type":"cond-expr","locations":[{"start":{"line":21,"column":48},"end":{"line":21,"column":52}},{"start":{"line":21,"column":55},"end":{"line":21,"column":60}}]},"6":{"loc":{"start":{"line":27,"column":4},"end":{"line":29,"column":5}},"type":"if","locations":[{"start":{"line":27,"column":4},"end":{"line":29,"column":5}}]},"7":{"loc":{"start":{"line":27,"column":8},"end":{"line":27,"column":38}},"type":"binary-expr","locations":[{"start":{"line":27,"column":8},"end":{"line":27,"column":12}},{"start":{"line":27,"column":16},"end":{"line":27,"column":38}}]},"8":{"loc":{"start":{"line":33,"column":17},"end":{"line":33,"column":36}},"type":"binary-expr","locations":[{"start":{"line":33,"column":17},"end":{"line":33,"column":20}},{"start":{"line":33,"column":24},"end":{"line":33,"column":36}}]},"9":{"loc":{"start":{"line":34,"column":4},"end":{"line":34,"column":22}},"type":"if","locations":[{"start":{"line":34,"column":4},"end":{"line":34,"column":22}}]},"10":{"loc":{"start":{"line":42,"column":2},"end":{"line":52,"column":3}},"type":"if","locations":[{"start":{"line":42,"column":2},"end":{"line":52,"column":3}}]},"11":{"loc":{"start":{"line":42,"column":6},"end":{"line":42,"column":26}},"type":"binary-expr","locations":[{"start":{"line":42,"column":6},"end":{"line":42,"column":11}},{"start":{"line":42,"column":15},"end":{"line":42,"column":26}}]},"12":{"loc":{"start":{"line":57,"column":9},"end":{"line":60,"column":null}},"type":"binary-expr","locations":[{"start":{"line":57,"column":9},"end":{"line":57,"column":20}},{"start":{"line":58,"column":10},"end":{"line":59,"column":null}}]},"13":{"loc":{"start":{"line":62,"column":24},"end":{"line":62,"column":151}},"type":"cond-expr","locations":[{"start":{"line":62,"column":37},"end":{"line":62,"column":102}},{"start":{"line":62,"column":105},"end":{"line":62,"column":151}}]},"14":{"loc":{"start":{"line":64,"column":22},"end":{"line":64,"column":141}},"type":"cond-expr","locations":[{"start":{"line":64,"column":35},"end":{"line":64,"column":93}},{"start":{"line":64,"column":96},"end":{"line":64,"column":141}}]},"15":{"loc":{"start":{"line":65,"column":7},"end":{"line":80,"column":null}},"type":"binary-expr","locations":[{"start":{"line":65,"column":7},"end":{"line":65,"column":28}},{"start":{"line":66,"column":8},"end":{"line":79,"column":null}}]},"16":{"loc":{"start":{"line":66,"column":24},"end":{"line":66,"column":137}},"type":"cond-expr","locations":[{"start":{"line":66,"column":37},"end":{"line":66,"column":102}},{"start":{"line":66,"column":105},"end":{"line":66,"column":137}}]},"17":{"loc":{"start":{"line":71,"column":16},"end":{"line":73,"column":119}},"type":"cond-expr","locations":[{"start":{"line":72,"column":20},"end":{"line":72,"column":159}},{"start":{"line":73,"column":20},"end":{"line":73,"column":119}}]},"18":{"loc":{"start":{"line":82,"column":22},"end":{"line":82,"column":142}},"type":"cond-expr","locations":[{"start":{"line":82,"column":35},"end":{"line":82,"column":110}},{"start":{"line":82,"column":113},"end":{"line":82,"column":142}}]},"19":{"loc":{"start":{"line":82,"column":164},"end":{"line":82,"column":192}},"type":"cond-expr","locations":[{"start":{"line":82,"column":177},"end":{"line":82,"column":186}},{"start":{"line":82,"column":189},"end":{"line":82,"column":192}}]},"20":{"loc":{"start":{"line":84,"column":44},"end":{"line":84,"column":97}},"type":"cond-expr","locations":[{"start":{"line":84,"column":66},"end":{"line":84,"column":79}},{"start":{"line":84,"column":82},"end":{"line":84,"column":97}}]},"21":{"loc":{"start":{"line":87,"column":16},"end":{"line":89,"column":142}},"type":"cond-expr","locations":[{"start":{"line":88,"column":20},"end":{"line":88,"column":182}},{"start":{"line":89,"column":20},"end":{"line":89,"column":142}}]},"22":{"loc":{"start":{"line":88,"column":104},"end":{"line":88,"column":180}},"type":"cond-expr","locations":[{"start":{"line":88,"column":126},"end":{"line":88,"column":150}},{"start":{"line":88,"column":153},"end":{"line":88,"column":180}}]},"23":{"loc":{"start":{"line":89,"column":64},"end":{"line":89,"column":140}},"type":"cond-expr","locations":[{"start":{"line":89,"column":86},"end":{"line":89,"column":110}},{"start":{"line":89,"column":113},"end":{"line":89,"column":140}}]},"24":{"loc":{"start":{"line":99,"column":19},"end":{"line":99,"column":135}},"type":"cond-expr","locations":[{"start":{"line":99,"column":32},"end":{"line":99,"column":111}},{"start":{"line":99,"column":114},"end":{"line":99,"column":135}}]},"25":{"loc":{"start":{"line":107,"column":12},"end":{"line":109,"column":141}},"type":"cond-expr","locations":[{"start":{"line":108,"column":16},"end":{"line":108,"column":183}},{"start":{"line":109,"column":16},"end":{"line":109,"column":141}}]},"26":{"loc":{"start":{"line":115,"column":12},"end":{"line":118,"column":13}},"type":"if","locations":[{"start":{"line":115,"column":12},"end":{"line":118,"column":13}}]},"27":{"loc":{"start":{"line":115,"column":16},"end":{"line":115,"column":48}},"type":"binary-expr","locations":[{"start":{"line":115,"column":16},"end":{"line":115,"column":33}},{"start":{"line":115,"column":37},"end":{"line":115,"column":48}}]},"28":{"loc":{"start":{"line":124,"column":12},"end":{"line":126,"column":139}},"type":"cond-expr","locations":[{"start":{"line":125,"column":16},"end":{"line":125,"column":158}},{"start":{"line":126,"column":16},"end":{"line":126,"column":139}}]},"29":{"loc":{"start":{"line":131,"column":35},"end":{"line":131,"column":102}},"type":"cond-expr","locations":[{"start":{"line":131,"column":48},"end":{"line":131,"column":79}},{"start":{"line":131,"column":82},"end":{"line":131,"column":102}}]},"30":{"loc":{"start":{"line":134,"column":22},"end":{"line":134,"column":98}},"type":"cond-expr","locations":[{"start":{"line":134,"column":35},"end":{"line":134,"column":69}},{"start":{"line":134,"column":72},"end":{"line":134,"column":98}}]},"31":{"loc":{"start":{"line":137,"column":12},"end":{"line":139,"column":101}},"type":"cond-expr","locations":[{"start":{"line":138,"column":16},"end":{"line":138,"column":117}},{"start":{"line":139,"column":16},"end":{"line":139,"column":101}}]},"32":{"loc":{"start":{"line":142,"column":62},"end":{"line":142,"column":146}},"type":"cond-expr","locations":[{"start":{"line":142,"column":75},"end":{"line":142,"column":117}},{"start":{"line":142,"column":120},"end":{"line":142,"column":146}}]},"33":{"loc":{"start":{"line":148,"column":2},"end":{"line":150,"column":3}},"type":"if","locations":[{"start":{"line":148,"column":2},"end":{"line":150,"column":3}}]}},"s":{"0":1,"1":1,"2":1,"3":1,"4":1,"5":0,"6":0,"7":0,"8":0,"9":0,"10":0,"11":0,"12":0,"13":0,"14":1,"15":1,"16":1,"17":1,"18":1,"19":1,"20":1,"21":0,"22":1,"23":0,"24":0,"25":0,"26":0,"27":0,"28":0,"29":0,"30":0,"31":0,"32":1,"33":1,"34":0,"35":0,"36":0,"37":0,"38":0,"39":0,"40":0,"41":0,"42":0,"43":0,"44":0,"45":0,"46":0,"47":0,"48":0,"49":0,"50":1},"f":{"0":0,"1":1,"2":1,"3":0,"4":0,"5":0,"6":0,"7":0,"8":0,"9":0,"10":0,"11":0,"12":0,"13":0,"14":0,"15":0},"b":{"0":[0],"1":[0],"2":[0],"3":[0],"4":[1],"5":[0,1],"6":[0],"7":[1,0],"8":[0,0],"9":[0],"10":[1],"11":[1,1],"12":[0,0],"13":[0,0],"14":[0,0],"15":[0,0],"16":[0,0],"17":[0,0],"18":[0,0],"19":[0,0],"20":[0,0],"21":[0,0],"22":[0,0],"23":[0,0],"24":[0,0],"25":[0,0],"26":[0],"27":[0,0],"28":[0,0],"29":[0,0],"30":[0,0],"31":[0,0],"32":[0,0],"33":[0]}}
,"D:\\workspace\\r2scompany\\Career-Platform\\src\\components\\Assistant\\index.ts": {"path":"D:\\workspace\\r2scompany\\Career-Platform\\src\\components\\Assistant\\index.ts","statementMap":{"0":{"start":{"line":1,"column":0},"end":{"line":1,"column":9}},"1":{"start":{"line":1,"column":9},"end":{"line":1,"column":38}}},"fnMap":{"0":{"name":"(anonymous_1)","decl":{"start":{"line":1,"column":9},"end":{"line":1,"column":16}},"loc":{"start":{"line":1,"column":9},"end":{"line":1,"column":38}}}},"branchMap":{},"s":{"0":1,"1":2},"f":{"0":1},"b":{}}
,"D:\\workspace\\r2scompany\\Career-Platform\\src\\components\\common\\index.ts": {"path":"D:\\workspace\\r2scompany\\Career-Platform\\src\\components\\common\\index.ts","statementMap":{"0":{"start":{"line":1,"column":0},"end":{"line":1,"column":9}},"1":{"start":{"line":1,"column":9},"end":{"line":1,"column":26}},"2":{"start":{"line":2,"column":0},"end":{"line":2,"column":9}},"3":{"start":{"line":2,"column":9},"end":{"line":2,"column":24}},"4":{"start":{"line":3,"column":0},"end":{"line":3,"column":9}},"5":{"start":{"line":3,"column":9},"end":{"line":3,"column":28}},"6":{"start":{"line":4,"column":0},"end":{"line":4,"column":9}},"7":{"start":{"line":4,"column":9},"end":{"line":4,"column":25}},"8":{"start":{"line":5,"column":0},"end":{"line":5,"column":9}},"9":{"start":{"line":5,"column":9},"end":{"line":5,"column":25}},"10":{"start":{"line":6,"column":0},"end":{"line":6,"column":9}},"11":{"start":{"line":6,"column":9},"end":{"line":6,"column":26}}},"fnMap":{"0":{"name":"(anonymous_1)","decl":{"start":{"line":1,"column":9},"end":{"line":1,"column":16}},"loc":{"start":{"line":1,"column":9},"end":{"line":1,"column":26}}},"1":{"name":"(anonymous_2)","decl":{"start":{"line":2,"column":9},"end":{"line":2,"column":16}},"loc":{"start":{"line":2,"column":9},"end":{"line":2,"column":24}}},"2":{"name":"(anonymous_3)","decl":{"start":{"line":3,"column":9},"end":{"line":3,"column":16}},"loc":{"start":{"line":3,"column":9},"end":{"line":3,"column":28}}},"3":{"name":"(anonymous_4)","decl":{"start":{"line":4,"column":9},"end":{"line":4,"column":16}},"loc":{"start":{"line":4,"column":9},"end":{"line":4,"column":25}}},"4":{"name":"(anonymous_5)","decl":{"start":{"line":5,"column":9},"end":{"line":5,"column":16}},"loc":{"start":{"line":5,"column":9},"end":{"line":5,"column":25}}},"5":{"name":"(anonymous_6)","decl":{"start":{"line":6,"column":9},"end":{"line":6,"column":16}},"loc":{"start":{"line":6,"column":9},"end":{"line":6,"column":26}}}},"branchMap":{},"s":{"0":1,"1":2,"2":1,"3":1,"4":1,"5":1,"6":1,"7":1,"8":1,"9":1,"10":1,"11":1},"f":{"0":1,"1":0,"2":0,"3":0,"4":0,"5":0},"b":{}}
,"D:\\workspace\\r2scompany\\Career-Platform\\src\\components\\common\\Button\\Button.tsx": {"path":"D:\\workspace\\r2scompany\\Career-Platform\\src\\components\\common\\Button\\Button.tsx","statementMap":{"0":{"start":{"line":1,"column":0},"end":{"line":1,"column":91}},"1":{"start":{"line":42,"column":4},"end":{"line":42,"column":19}},"2":{"start":{"line":43,"column":4},"end":{"line":43,"column":30}},"3":{"start":{"line":54,"column":38},"end":{"line":159,"column":null}},"4":{"start":{"line":57,"column":4},"end":{"line":59,"column":5}},"5":{"start":{"line":58,"column":6},"end":{"line":58,"column":66}},"6":{"start":{"line":62,"column":26},"end":{"line":79,"column":null}},"7":{"start":{"line":64,"column":8},"end":{"line":77,"column":9}},"8":{"start":{"line":66,"column":10},"end":{"line":66,"column":29}},"9":{"start":{"line":69,"column":10},"end":{"line":73,"column":11}},"10":{"start":{"line":70,"column":12},"end":{"line":70,"column":35}},"11":{"start":{"line":71,"column":27},"end":{"line":71,"column":46}},"12":{"start":{"line":72,"column":12},"end":{"line":72,"column":27}},"13":{"start":{"line":75,"column":10},"end":{"line":75,"column":67}},"14":{"start":{"line":83,"column":24},"end":{"line":94,"column":null}},"15":{"start":{"line":85,"column":8},"end":{"line":92,"column":9}},"16":{"start":{"line":86,"column":10},"end":{"line":91,"column":11}},"17":{"start":{"line":87,"column":12},"end":{"line":87,"column":29}},"18":{"start":{"line":89,"column":12},"end":{"line":89,"column":67}},"19":{"start":{"line":98,"column":24},"end":{"line":98,"column":122}},"20":{"start":{"line":101,"column":27},"end":{"line":111,"column":6}},"21":{"start":{"line":114,"column":24},"end":{"line":118,"column":6}},"22":{"start":{"line":121,"column":25},"end":{"line":121,"column":99}},"23":{"start":{"line":124,"column":23},"end":{"line":124,"column":50}},"24":{"start":{"line":126,"column":20},"end":{"line":126,"column":124}},"25":{"start":{"line":128,"column":4},"end":{"line":158,"column":6}},"26":{"start":{"line":162,"column":0},"end":{"line":162,"column":30}},"27":{"start":{"line":164,"column":0},"end":{"line":164,"column":22}}},"fnMap":{"0":{"name":"(anonymous_9)","decl":{"start":{"line":41,"column":2},"end":{"line":41,"column":14}},"loc":{"start":{"line":41,"column":29},"end":{"line":44,"column":3}}},"1":{"name":"(anonymous_10)","decl":{"start":{"line":55,"column":2},"end":{"line":55,"column":3}},"loc":{"start":{"line":55,"column":170},"end":{"line":159,"column":3}}},"2":{"name":"(anonymous_11)","decl":{"start":{"line":63,"column":6},"end":{"line":63,"column":7}},"loc":{"start":{"line":63,"column":50},"end":{"line":78,"column":7}}},"3":{"name":"(anonymous_12)","decl":{"start":{"line":84,"column":6},"end":{"line":84,"column":7}},"loc":{"start":{"line":84,"column":53},"end":{"line":93,"column":7}}}},"branchMap":{"0":{"loc":{"start":{"line":55,"column":15},"end":{"line":55,"column":34}},"type":"default-arg","locations":[{"start":{"line":55,"column":25},"end":{"line":55,"column":34}}]},"1":{"loc":{"start":{"line":55,"column":36},"end":{"line":55,"column":47}},"type":"default-arg","locations":[{"start":{"line":55,"column":43},"end":{"line":55,"column":47}}]},"2":{"loc":{"start":{"line":55,"column":49},"end":{"line":55,"column":66}},"type":"default-arg","locations":[{"start":{"line":55,"column":61},"end":{"line":55,"column":66}}]},"3":{"loc":{"start":{"line":55,"column":68},"end":{"line":55,"column":87}},"type":"default-arg","locations":[{"start":{"line":55,"column":82},"end":{"line":55,"column":87}}]},"4":{"loc":{"start":{"line":55,"column":110},"end":{"line":55,"column":124}},"type":"default-arg","locations":[{"start":{"line":55,"column":122},"end":{"line":55,"column":124}}]},"5":{"loc":{"start":{"line":57,"column":4},"end":{"line":59,"column":5}},"type":"if","locations":[{"start":{"line":57,"column":4},"end":{"line":59,"column":5}}]},"6":{"loc":{"start":{"line":69,"column":10},"end":{"line":73,"column":11}},"type":"if","locations":[{"start":{"line":69,"column":10},"end":{"line":73,"column":11}}]},"7":{"loc":{"start":{"line":69,"column":14},"end":{"line":69,"column":85}},"type":"binary-expr","locations":[{"start":{"line":69,"column":15},"end":{"line":69,"column":36}},{"start":{"line":69,"column":40},"end":{"line":69,"column":57}},{"start":{"line":69,"column":62},"end":{"line":69,"column":71}},{"start":{"line":69,"column":75},"end":{"line":69,"column":85}}]},"8":{"loc":{"start":{"line":85,"column":8},"end":{"line":92,"column":9}},"type":"if","locations":[{"start":{"line":85,"column":8},"end":{"line":92,"column":9}}]},"9":{"loc":{"start":{"line":85,"column":12},"end":{"line":85,"column":35}},"type":"binary-expr","locations":[{"start":{"line":85,"column":12},"end":{"line":85,"column":21}},{"start":{"line":85,"column":25},"end":{"line":85,"column":35}}]},"10":{"loc":{"start":{"line":121,"column":25},"end":{"line":121,"column":99}},"type":"cond-expr","locations":[{"start":{"line":121,"column":49},"end":{"line":121,"column":80}},{"start":{"line":121,"column":83},"end":{"line":121,"column":99}}]},"11":{"loc":{"start":{"line":121,"column":25},"end":{"line":121,"column":46}},"type":"binary-expr","locations":[{"start":{"line":121,"column":25},"end":{"line":121,"column":33}},{"start":{"line":121,"column":37},"end":{"line":121,"column":46}}]},"12":{"loc":{"start":{"line":124,"column":23},"end":{"line":124,"column":50}},"type":"cond-expr","locations":[{"start":{"line":124,"column":37},"end":{"line":124,"column":45}},{"start":{"line":124,"column":48},"end":{"line":124,"column":50}}]},"13":{"loc":{"start":{"line":131,"column":18},"end":{"line":131,"column":39}},"type":"binary-expr","locations":[{"start":{"line":131,"column":18},"end":{"line":131,"column":26}},{"start":{"line":131,"column":30},"end":{"line":131,"column":39}}]},"14":{"loc":{"start":{"line":136,"column":18},"end":{"line":136,"column":43}},"type":"cond-expr","locations":[{"start":{"line":136,"column":29},"end":{"line":136,"column":31}},{"start":{"line":136,"column":34},"end":{"line":136,"column":43}}]},"15":{"loc":{"start":{"line":139,"column":9},"end":{"line":143,"column":null}},"type":"binary-expr","locations":[{"start":{"line":139,"column":9},"end":{"line":139,"column":18}},{"start":{"line":140,"column":10},"end":{"line":142,"column":null}}]},"16":{"loc":{"start":{"line":146,"column":9},"end":{"line":149,"column":null}},"type":"binary-expr","locations":[{"start":{"line":146,"column":9},"end":{"line":146,"column":19}},{"start":{"line":146,"column":23},"end":{"line":146,"column":31}},{"start":{"line":147,"column":10},"end":{"line":148,"column":null}}]},"17":{"loc":{"start":{"line":152,"column":9},"end":{"line":155,"column":null}},"type":"binary-expr","locations":[{"start":{"line":152,"column":9},"end":{"line":152,"column":19}},{"start":{"line":152,"column":23},"end":{"line":152,"column":32}},{"start":{"line":153,"column":10},"end":{"line":154,"column":null}}]}},"s":{"0":1,"1":0,"2":0,"3":1,"4":1,"5":0,"6":1,"7":0,"8":0,"9":0,"10":0,"11":0,"12":0,"13":0,"14":1,"15":0,"16":0,"17":0,"18":0,"19":1,"20":1,"21":1,"22":1,"23":1,"24":1,"25":1,"26":1,"27":1},"f":{"0":0,"1":1,"2":0,"3":0},"b":{"0":[0],"1":[1],"2":[1],"3":[1],"4":[0],"5":[0],"6":[0],"7":[0,0,0,0],"8":[0],"9":[0,0],"10":[0,1],"11":[1,1],"12":[0,1],"13":[1,1],"14":[0,1],"15":[1,0],"16":[1,1,0],"17":[1,1,0]}}
,"D:\\workspace\\r2scompany\\Career-Platform\\src\\components\\common\\Button\\index.ts": {"path":"D:\\workspace\\r2scompany\\Career-Platform\\src\\components\\common\\Button\\index.ts","statementMap":{"0":{"start":{"line":1,"column":0},"end":{"line":1,"column":9}},"1":{"start":{"line":1,"column":9},"end":{"line":1,"column":35}}},"fnMap":{"0":{"name":"(anonymous_1)","decl":{"start":{"line":1,"column":9},"end":{"line":1,"column":16}},"loc":{"start":{"line":1,"column":9},"end":{"line":1,"column":35}}}},"branchMap":{},"s":{"0":1,"1":2},"f":{"0":1},"b":{}}
,"D:\\workspace\\r2scompany\\Career-Platform\\src\\components\\common\\Card\\Card.tsx": {"path":"D:\\workspace\\r2scompany\\Career-Platform\\src\\components\\common\\Card\\Card.tsx","statementMap":{"0":{"start":{"line":1,"column":0},"end":{"line":1,"column":26}},"1":{"start":{"line":24,"column":13},"end":{"line":46,"column":2}},"2":{"start":{"line":25,"column":25},"end":{"line":29,"column":4}},"3":{"start":{"line":31,"column":22},"end":{"line":35,"column":4}},"4":{"start":{"line":37,"column":23},"end":{"line":37,"column":109}},"5":{"start":{"line":39,"column":21},"end":{"line":39,"column":48}},"6":{"start":{"line":41,"column":2},"end":{"line":45,"column":4}},"7":{"start":{"line":48,"column":0},"end":{"line":48,"column":26}},"8":{"start":{"line":50,"column":0},"end":{"line":50,"column":20}}},"fnMap":{"0":{"name":"(anonymous_1)","decl":{"start":{"line":24,"column":57},"end":{"line":24,"column":58}},"loc":{"start":{"line":24,"column":180},"end":{"line":46,"column":1}}}},"branchMap":{"0":{"loc":{"start":{"line":24,"column":60},"end":{"line":24,"column":80}},"type":"default-arg","locations":[{"start":{"line":24,"column":70},"end":{"line":24,"column":80}}]},"1":{"loc":{"start":{"line":24,"column":82},"end":{"line":24,"column":93}},"type":"default-arg","locations":[{"start":{"line":24,"column":89},"end":{"line":24,"column":93}}]},"2":{"loc":{"start":{"line":24,"column":95},"end":{"line":24,"column":112}},"type":"default-arg","locations":[{"start":{"line":24,"column":107},"end":{"line":24,"column":112}}]},"3":{"loc":{"start":{"line":24,"column":114},"end":{"line":24,"column":133}},"type":"default-arg","locations":[{"start":{"line":24,"column":128},"end":{"line":24,"column":133}}]},"4":{"loc":{"start":{"line":24,"column":135},"end":{"line":24,"column":149}},"type":"default-arg","locations":[{"start":{"line":24,"column":147},"end":{"line":24,"column":149}}]},"5":{"loc":{"start":{"line":37,"column":23},"end":{"line":37,"column":109}},"type":"cond-expr","locations":[{"start":{"line":37,"column":35},"end":{"line":37,"column":104}},{"start":{"line":37,"column":107},"end":{"line":37,"column":109}}]},"6":{"loc":{"start":{"line":39,"column":21},"end":{"line":39,"column":48}},"type":"cond-expr","locations":[{"start":{"line":39,"column":35},"end":{"line":39,"column":43}},{"start":{"line":39,"column":46},"end":{"line":39,"column":48}}]}},"s":{"0":1,"1":1,"2":0,"3":0,"4":0,"5":0,"6":0,"7":1,"8":1},"f":{"0":0},"b":{"0":[0],"1":[0],"2":[0],"3":[0],"4":[0],"5":[0,0],"6":[0,0]}}
,"D:\\workspace\\r2scompany\\Career-Platform\\src\\components\\common\\Card\\index.ts": {"path":"D:\\workspace\\r2scompany\\Career-Platform\\src\\components\\common\\Card\\index.ts","statementMap":{"0":{"start":{"line":1,"column":0},"end":{"line":1,"column":9}},"1":{"start":{"line":1,"column":9},"end":{"line":1,"column":33}}},"fnMap":{"0":{"name":"(anonymous_1)","decl":{"start":{"line":1,"column":9},"end":{"line":1,"column":16}},"loc":{"start":{"line":1,"column":9},"end":{"line":1,"column":33}}}},"branchMap":{},"s":{"0":1,"1":1},"f":{"0":0},"b":{}}
,"D:\\workspace\\r2scompany\\Career-Platform\\src\\components\\common\\Checkbox\\Checkbox.tsx": {"path":"D:\\workspace\\r2scompany\\Career-Platform\\src\\components\\common\\Checkbox\\Checkbox.tsx","statementMap":{"0":{"start":{"line":1,"column":0},"end":{"line":1,"column":49}},"1":{"start":{"line":26,"column":17},"end":{"line":98,"column":null}},"2":{"start":{"line":28,"column":21},"end":{"line":28,"column":28}},"3":{"start":{"line":29,"column":15},"end":{"line":29,"column":37}},"4":{"start":{"line":32,"column":29},"end":{"line":32,"column":95}},"5":{"start":{"line":35,"column":24},"end":{"line":39,"column":6}},"6":{"start":{"line":42,"column":27},"end":{"line":48,"column":6}},"7":{"start":{"line":51,"column":25},"end":{"line":54,"column":6}},"8":{"start":{"line":57,"column":29},"end":{"line":61,"column":6}},"9":{"start":{"line":63,"column":25},"end":{"line":63,"column":151}},"10":{"start":{"line":65,"column":4},"end":{"line":97,"column":6}},"11":{"start":{"line":101,"column":0},"end":{"line":101,"column":34}},"12":{"start":{"line":103,"column":0},"end":{"line":103,"column":24}}},"fnMap":{"0":{"name":"(anonymous_9)","decl":{"start":{"line":27,"column":2},"end":{"line":27,"column":3}},"loc":{"start":{"line":27,"column":177},"end":{"line":98,"column":3}}}},"branchMap":{"0":{"loc":{"start":{"line":27,"column":25},"end":{"line":27,"column":36}},"type":"default-arg","locations":[{"start":{"line":27,"column":32},"end":{"line":27,"column":36}}]},"1":{"loc":{"start":{"line":27,"column":38},"end":{"line":27,"column":57}},"type":"default-arg","locations":[{"start":{"line":27,"column":48},"end":{"line":27,"column":57}}]},"2":{"loc":{"start":{"line":27,"column":66},"end":{"line":27,"column":83}},"type":"default-arg","locations":[{"start":{"line":27,"column":78},"end":{"line":27,"column":83}}]},"3":{"loc":{"start":{"line":27,"column":85},"end":{"line":27,"column":101}},"type":"default-arg","locations":[{"start":{"line":27,"column":96},"end":{"line":27,"column":101}}]},"4":{"loc":{"start":{"line":27,"column":103},"end":{"line":27,"column":117}},"type":"default-arg","locations":[{"start":{"line":27,"column":115},"end":{"line":27,"column":117}}]},"5":{"loc":{"start":{"line":27,"column":119},"end":{"line":27,"column":140}},"type":"default-arg","locations":[{"start":{"line":27,"column":138},"end":{"line":27,"column":140}}]},"6":{"loc":{"start":{"line":29,"column":15},"end":{"line":29,"column":37}},"type":"binary-expr","locations":[{"start":{"line":29,"column":15},"end":{"line":29,"column":25}},{"start":{"line":29,"column":29},"end":{"line":29,"column":37}}]},"7":{"loc":{"start":{"line":52,"column":16},"end":{"line":52,"column":63}},"type":"cond-expr","locations":[{"start":{"line":52,"column":27},"end":{"line":52,"column":58}},{"start":{"line":52,"column":61},"end":{"line":52,"column":63}}]},"8":{"loc":{"start":{"line":53,"column":13},"end":{"line":53,"column":65}},"type":"cond-expr","locations":[{"start":{"line":53,"column":25},"end":{"line":53,"column":60}},{"start":{"line":53,"column":63},"end":{"line":53,"column":65}}]},"9":{"loc":{"start":{"line":67,"column":53},"end":{"line":67,"column":103}},"type":"cond-expr","locations":[{"start":{"line":67,"column":64},"end":{"line":67,"column":84}},{"start":{"line":67,"column":87},"end":{"line":67,"column":103}}]},"10":{"loc":{"start":{"line":76,"column":32},"end":{"line":76,"column":86}},"type":"cond-expr","locations":[{"start":{"line":76,"column":55},"end":{"line":76,"column":74}},{"start":{"line":76,"column":77},"end":{"line":76,"column":86}}]},"11":{"loc":{"start":{"line":76,"column":32},"end":{"line":76,"column":52}},"type":"binary-expr","locations":[{"start":{"line":76,"column":32},"end":{"line":76,"column":43}},{"start":{"line":76,"column":47},"end":{"line":76,"column":52}}]},"12":{"loc":{"start":{"line":80,"column":11},"end":{"line":88,"column":null}},"type":"binary-expr","locations":[{"start":{"line":80,"column":12},"end":{"line":80,"column":17}},{"start":{"line":80,"column":21},"end":{"line":80,"column":32}},{"start":{"line":81,"column":12},"end":{"line":87,"column":null}}]},"13":{"loc":{"start":{"line":82,"column":15},"end":{"line":82,"column":132}},"type":"binary-expr","locations":[{"start":{"line":82,"column":15},"end":{"line":82,"column":20}},{"start":{"line":82,"column":24},"end":{"line":82,"column":132}}]},"14":{"loc":{"start":{"line":82,"column":70},"end":{"line":82,"column":114}},"type":"cond-expr","locations":[{"start":{"line":82,"column":81},"end":{"line":82,"column":96}},{"start":{"line":82,"column":99},"end":{"line":82,"column":114}}]},"15":{"loc":{"start":{"line":83,"column":15},"end":{"line":86,"column":null}},"type":"binary-expr","locations":[{"start":{"line":83,"column":15},"end":{"line":83,"column":26}},{"start":{"line":84,"column":16},"end":{"line":85,"column":null}}]},"16":{"loc":{"start":{"line":91,"column":9},"end":{"line":94,"column":null}},"type":"binary-expr","locations":[{"start":{"line":91,"column":9},"end":{"line":91,"column":14}},{"start":{"line":92,"column":10},"end":{"line":93,"column":null}}]}},"s":{"0":1,"1":1,"2":0,"3":0,"4":0,"5":0,"6":0,"7":0,"8":0,"9":0,"10":0,"11":1,"12":1},"f":{"0":0},"b":{"0":[0],"1":[0],"2":[0],"3":[0],"4":[0],"5":[0],"6":[0,0],"7":[0,0],"8":[0,0],"9":[0,0],"10":[0,0],"11":[0,0],"12":[0,0,0],"13":[0,0],"14":[0,0],"15":[0,0],"16":[0,0]}}
,"D:\\workspace\\r2scompany\\Career-Platform\\src\\components\\common\\Checkbox\\index.ts": {"path":"D:\\workspace\\r2scompany\\Career-Platform\\src\\components\\common\\Checkbox\\index.ts","statementMap":{"0":{"start":{"line":1,"column":0},"end":{"line":1,"column":9}},"1":{"start":{"line":1,"column":9},"end":{"line":1,"column":37}}},"fnMap":{"0":{"name":"(anonymous_1)","decl":{"start":{"line":1,"column":9},"end":{"line":1,"column":16}},"loc":{"start":{"line":1,"column":9},"end":{"line":1,"column":37}}}},"branchMap":{},"s":{"0":1,"1":1},"f":{"0":0},"b":{}}
,"D:\\workspace\\r2scompany\\Career-Platform\\src\\components\\common\\Input\\Input.tsx": {"path":"D:\\workspace\\r2scompany\\Career-Platform\\src\\components\\common\\Input\\Input.tsx","statementMap":{"0":{"start":{"line":1,"column":0},"end":{"line":1,"column":49}},"1":{"start":{"line":35,"column":14},"end":{"line":134,"column":null}},"2":{"start":{"line":56,"column":21},"end":{"line":56,"column":28}},"3":{"start":{"line":57,"column":15},"end":{"line":57,"column":37}},"4":{"start":{"line":60,"column":29},"end":{"line":60,"column":136}},"5":{"start":{"line":63,"column":24},"end":{"line":67,"column":6}},"6":{"start":{"line":70,"column":27},"end":{"line":76,"column":6}},"7":{"start":{"line":79,"column":25},"end":{"line":85,"column":6}},"8":{"start":{"line":88,"column":29},"end":{"line":92,"column":6}},"9":{"start":{"line":94,"column":25},"end":{"line":104,"column":15}},"10":{"start":{"line":106,"column":4},"end":{"line":133,"column":6}},"11":{"start":{"line":137,"column":0},"end":{"line":137,"column":28}},"12":{"start":{"line":139,"column":0},"end":{"line":139,"column":21}}},"fnMap":{"0":{"name":"(anonymous_9)","decl":{"start":{"line":36,"column":2},"end":{"line":36,"column":null}},"loc":{"start":{"line":55,"column":6},"end":{"line":134,"column":3}}}},"branchMap":{"0":{"loc":{"start":{"line":40,"column":6},"end":{"line":40,"column":17}},"type":"default-arg","locations":[{"start":{"line":40,"column":13},"end":{"line":40,"column":17}}]},"1":{"loc":{"start":{"line":41,"column":6},"end":{"line":41,"column":25}},"type":"default-arg","locations":[{"start":{"line":41,"column":16},"end":{"line":41,"column":25}}]},"2":{"loc":{"start":{"line":42,"column":6},"end":{"line":42,"column":19}},"type":"default-arg","locations":[{"start":{"line":42,"column":13},"end":{"line":42,"column":19}}]},"3":{"loc":{"start":{"line":46,"column":6},"end":{"line":46,"column":23}},"type":"default-arg","locations":[{"start":{"line":46,"column":18},"end":{"line":46,"column":23}}]},"4":{"loc":{"start":{"line":47,"column":6},"end":{"line":47,"column":25}},"type":"default-arg","locations":[{"start":{"line":47,"column":20},"end":{"line":47,"column":25}}]},"5":{"loc":{"start":{"line":48,"column":6},"end":{"line":48,"column":22}},"type":"default-arg","locations":[{"start":{"line":48,"column":17},"end":{"line":48,"column":22}}]},"6":{"loc":{"start":{"line":49,"column":6},"end":{"line":49,"column":20}},"type":"default-arg","locations":[{"start":{"line":49,"column":18},"end":{"line":49,"column":20}}]},"7":{"loc":{"start":{"line":50,"column":6},"end":{"line":50,"column":27}},"type":"default-arg","locations":[{"start":{"line":50,"column":25},"end":{"line":50,"column":27}}]},"8":{"loc":{"start":{"line":57,"column":15},"end":{"line":57,"column":37}},"type":"binary-expr","locations":[{"start":{"line":57,"column":15},"end":{"line":57,"column":25}},{"start":{"line":57,"column":29},"end":{"line":57,"column":37}}]},"9":{"loc":{"start":{"line":80,"column":16},"end":{"line":80,"column":74}},"type":"cond-expr","locations":[{"start":{"line":80,"column":27},"end":{"line":80,"column":69}},{"start":{"line":80,"column":72},"end":{"line":80,"column":74}}]},"10":{"loc":{"start":{"line":81,"column":13},"end":{"line":81,"column":65}},"type":"cond-expr","locations":[{"start":{"line":81,"column":25},"end":{"line":81,"column":60}},{"start":{"line":81,"column":63},"end":{"line":81,"column":65}}]},"11":{"loc":{"start":{"line":82,"column":20},"end":{"line":82,"column":43}},"type":"cond-expr","locations":[{"start":{"line":82,"column":31},"end":{"line":82,"column":38}},{"start":{"line":82,"column":41},"end":{"line":82,"column":43}}]},"12":{"loc":{"start":{"line":83,"column":21},"end":{"line":83,"column":45}},"type":"cond-expr","locations":[{"start":{"line":83,"column":33},"end":{"line":83,"column":40}},{"start":{"line":83,"column":43},"end":{"line":83,"column":45}}]},"13":{"loc":{"start":{"line":84,"column":17},"end":{"line":84,"column":50}},"type":"cond-expr","locations":[{"start":{"line":84,"column":31},"end":{"line":84,"column":39}},{"start":{"line":84,"column":42},"end":{"line":84,"column":50}}]},"14":{"loc":{"start":{"line":108,"column":9},"end":{"line":111,"column":null}},"type":"binary-expr","locations":[{"start":{"line":108,"column":9},"end":{"line":108,"column":14}},{"start":{"line":109,"column":10},"end":{"line":110,"column":null}}]},"15":{"loc":{"start":{"line":109,"column":107},"end":{"line":109,"column":135}},"type":"cond-expr","locations":[{"start":{"line":109,"column":118},"end":{"line":109,"column":130}},{"start":{"line":109,"column":133},"end":{"line":109,"column":135}}]},"16":{"loc":{"start":{"line":114,"column":11},"end":{"line":114,"column":139}},"type":"binary-expr","locations":[{"start":{"line":114,"column":11},"end":{"line":114,"column":19}},{"start":{"line":114,"column":23},"end":{"line":114,"column":139}}]},"17":{"loc":{"start":{"line":122,"column":30},"end":{"line":122,"column":83}},"type":"cond-expr","locations":[{"start":{"line":122,"column":52},"end":{"line":122,"column":71}},{"start":{"line":122,"column":74},"end":{"line":122,"column":83}}]},"18":{"loc":{"start":{"line":122,"column":30},"end":{"line":122,"column":49}},"type":"binary-expr","locations":[{"start":{"line":122,"column":30},"end":{"line":122,"column":40}},{"start":{"line":122,"column":44},"end":{"line":122,"column":49}}]},"19":{"loc":{"start":{"line":125,"column":11},"end":{"line":125,"column":142}},"type":"binary-expr","locations":[{"start":{"line":125,"column":11},"end":{"line":125,"column":20}},{"start":{"line":125,"column":24},"end":{"line":125,"column":142}}]},"20":{"loc":{"start":{"line":127,"column":9},"end":{"line":130,"column":null}},"type":"binary-expr","locations":[{"start":{"line":127,"column":10},"end":{"line":127,"column":20}},{"start":{"line":127,"column":24},"end":{"line":127,"column":29}},{"start":{"line":128,"column":10},"end":{"line":129,"column":null}}]},"21":{"loc":{"start":{"line":128,"column":65},"end":{"line":128,"column":105}},"type":"cond-expr","locations":[{"start":{"line":128,"column":73},"end":{"line":128,"column":87}},{"start":{"line":128,"column":90},"end":{"line":128,"column":105}}]},"22":{"loc":{"start":{"line":129,"column":13},"end":{"line":129,"column":32}},"type":"binary-expr","locations":[{"start":{"line":129,"column":13},"end":{"line":129,"column":18}},{"start":{"line":129,"column":22},"end":{"line":129,"column":32}}]}},"s":{"0":1,"1":1,"2":0,"3":0,"4":0,"5":0,"6":0,"7":0,"8":0,"9":0,"10":0,"11":1,"12":1},"f":{"0":0},"b":{"0":[0],"1":[0],"2":[0],"3":[0],"4":[0],"5":[0],"6":[0],"7":[0],"8":[0,0],"9":[0,0],"10":[0,0],"11":[0,0],"12":[0,0],"13":[0,0],"14":[0,0],"15":[0,0],"16":[0,0],"17":[0,0],"18":[0,0],"19":[0,0],"20":[0,0,0],"21":[0,0],"22":[0,0]}}
,"D:\\workspace\\r2scompany\\Career-Platform\\src\\components\\common\\Input\\index.ts": {"path":"D:\\workspace\\r2scompany\\Career-Platform\\src\\components\\common\\Input\\index.ts","statementMap":{"0":{"start":{"line":1,"column":0},"end":{"line":1,"column":9}},"1":{"start":{"line":1,"column":9},"end":{"line":1,"column":34}}},"fnMap":{"0":{"name":"(anonymous_1)","decl":{"start":{"line":1,"column":9},"end":{"line":1,"column":16}},"loc":{"start":{"line":1,"column":9},"end":{"line":1,"column":34}}}},"branchMap":{},"s":{"0":1,"1":1},"f":{"0":0},"b":{}}
,"D:\\workspace\\r2scompany\\Career-Platform\\src\\components\\common\\Modal\\Modal.tsx": {"path":"D:\\workspace\\r2scompany\\Career-Platform\\src\\components\\common\\Modal\\Modal.tsx","statementMap":{"0":{"start":{"line":1,"column":0},"end":{"line":1,"column":62}},"1":{"start":{"line":30,"column":36},"end":{"line":115,"column":1}},"2":{"start":{"line":31,"column":2},"end":{"line":47,"column":36}},"3":{"start":{"line":32,"column":4},"end":{"line":32,"column":24}},"4":{"start":{"line":32,"column":17},"end":{"line":32,"column":24}},"5":{"start":{"line":34,"column":25},"end":{"line":38,"column":5}},"6":{"start":{"line":35,"column":6},"end":{"line":37,"column":7}},"7":{"start":{"line":36,"column":8},"end":{"line":36,"column":18}},"8":{"start":{"line":40,"column":4},"end":{"line":40,"column":55}},"9":{"start":{"line":41,"column":4},"end":{"line":41,"column":44}},"10":{"start":{"line":43,"column":4},"end":{"line":46,"column":6}},"11":{"start":{"line":44,"column":6},"end":{"line":44,"column":60}},"12":{"start":{"line":45,"column":6},"end":{"line":45,"column":40}},"13":{"start":{"line":49,"column":2},"end":{"line":49,"column":27}},"14":{"start":{"line":49,"column":15},"end":{"line":49,"column":27}},"15":{"start":{"line":51,"column":22},"end":{"line":63,"column":4}},"16":{"start":{"line":65,"column":29},"end":{"line":69,"column":3}},"17":{"start":{"line":66,"column":4},"end":{"line":68,"column":5}},"18":{"start":{"line":67,"column":6},"end":{"line":67,"column":16}},"19":{"start":{"line":71,"column":2},"end":{"line":114,"column":4}},"20":{"start":{"line":117,"column":0},"end":{"line":117,"column":28}},"21":{"start":{"line":119,"column":0},"end":{"line":119,"column":21}}},"fnMap":{"0":{"name":"(anonymous_9)","decl":{"start":{"line":30,"column":36},"end":{"line":30,"column":37}},"loc":{"start":{"line":30,"column":185},"end":{"line":115,"column":1}}},"1":{"name":"(anonymous_10)","decl":{"start":{"line":31,"column":12},"end":{"line":31,"column":15}},"loc":{"start":{"line":31,"column":17},"end":{"line":47,"column":3}}},"2":{"name":"(anonymous_11)","decl":{"start":{"line":34,"column":25},"end":{"line":34,"column":26}},"loc":{"start":{"line":34,"column":46},"end":{"line":38,"column":5}}},"3":{"name":"(anonymous_12)","decl":{"start":{"line":43,"column":11},"end":{"line":43,"column":14}},"loc":{"start":{"line":43,"column":16},"end":{"line":46,"column":5}}},"4":{"name":"(anonymous_13)","decl":{"start":{"line":65,"column":29},"end":{"line":65,"column":30}},"loc":{"start":{"line":65,"column":69},"end":{"line":69,"column":3}}}},"branchMap":{"0":{"loc":{"start":{"line":30,"column":81},"end":{"line":30,"column":92}},"type":"default-arg","locations":[{"start":{"line":30,"column":88},"end":{"line":30,"column":92}}]},"1":{"loc":{"start":{"line":30,"column":94},"end":{"line":30,"column":120}},"type":"default-arg","locations":[{"start":{"line":30,"column":116},"end":{"line":30,"column":120}}]},"2":{"loc":{"start":{"line":30,"column":122},"end":{"line":30,"column":139}},"type":"default-arg","locations":[{"start":{"line":30,"column":135},"end":{"line":30,"column":139}}]},"3":{"loc":{"start":{"line":30,"column":141},"end":{"line":30,"column":155}},"type":"default-arg","locations":[{"start":{"line":30,"column":153},"end":{"line":30,"column":155}}]},"4":{"loc":{"start":{"line":30,"column":157},"end":{"line":30,"column":179}},"type":"default-arg","locations":[{"start":{"line":30,"column":177},"end":{"line":30,"column":179}}]},"5":{"loc":{"start":{"line":32,"column":4},"end":{"line":32,"column":24}},"type":"if","locations":[{"start":{"line":32,"column":4},"end":{"line":32,"column":24}}]},"6":{"loc":{"start":{"line":35,"column":6},"end":{"line":37,"column":7}},"type":"if","locations":[{"start":{"line":35,"column":6},"end":{"line":37,"column":7}}]},"7":{"loc":{"start":{"line":35,"column":10},"end":{"line":35,"column":42}},"type":"binary-expr","locations":[{"start":{"line":35,"column":10},"end":{"line":35,"column":20}},{"start":{"line":35,"column":24},"end":{"line":35,"column":42}}]},"8":{"loc":{"start":{"line":49,"column":2},"end":{"line":49,"column":27}},"type":"if","locations":[{"start":{"line":49,"column":2},"end":{"line":49,"column":27}}]},"9":{"loc":{"start":{"line":66,"column":4},"end":{"line":68,"column":5}},"type":"if","locations":[{"start":{"line":66,"column":4},"end":{"line":68,"column":5}}]},"10":{"loc":{"start":{"line":66,"column":8},"end":{"line":66,"column":59}},"type":"binary-expr","locations":[{"start":{"line":66,"column":8},"end":{"line":66,"column":27}},{"start":{"line":66,"column":31},"end":{"line":66,"column":59}}]},"11":{"loc":{"start":{"line":79,"column":25},"end":{"line":79,"column":58}},"type":"cond-expr","locations":[{"start":{"line":79,"column":33},"end":{"line":79,"column":46}},{"start":{"line":79,"column":49},"end":{"line":79,"column":58}}]},"12":{"loc":{"start":{"line":84,"column":11},"end":{"line":103,"column":null}},"type":"binary-expr","locations":[{"start":{"line":84,"column":11},"end":{"line":84,"column":16}},{"start":{"line":85,"column":12},"end":{"line":102,"column":null}}]},"13":{"loc":{"start":{"line":86,"column":15},"end":{"line":91,"column":null}},"type":"cond-expr","locations":[{"start":{"line":87,"column":16},"end":{"line":88,"column":null}},{"start":{"line":91,"column":16},"end":{"line":91,"column":21}}]},"14":{"loc":{"start":{"line":110,"column":11},"end":{"line":110,"column":81}},"type":"binary-expr","locations":[{"start":{"line":110,"column":11},"end":{"line":110,"column":17}},{"start":{"line":110,"column":21},"end":{"line":110,"column":81}}]}},"s":{"0":1,"1":1,"2":0,"3":0,"4":0,"5":0,"6":0,"7":0,"8":0,"9":0,"10":0,"11":0,"12":0,"13":0,"14":0,"15":0,"16":0,"17":0,"18":0,"19":0,"20":1,"21":1},"f":{"0":0,"1":0,"2":0,"3":0,"4":0},"b":{"0":[0],"1":[0],"2":[0],"3":[0],"4":[0],"5":[0],"6":[0],"7":[0,0],"8":[0],"9":[0],"10":[0,0],"11":[0,0],"12":[0,0],"13":[0,0],"14":[0,0]}}
,"D:\\workspace\\r2scompany\\Career-Platform\\src\\components\\common\\Modal\\index.ts": {"path":"D:\\workspace\\r2scompany\\Career-Platform\\src\\components\\common\\Modal\\index.ts","statementMap":{"0":{"start":{"line":1,"column":0},"end":{"line":1,"column":9}},"1":{"start":{"line":1,"column":9},"end":{"line":1,"column":34}}},"fnMap":{"0":{"name":"(anonymous_1)","decl":{"start":{"line":1,"column":9},"end":{"line":1,"column":16}},"loc":{"start":{"line":1,"column":9},"end":{"line":1,"column":34}}}},"branchMap":{},"s":{"0":1,"1":1},"f":{"0":0},"b":{}}
,"D:\\workspace\\r2scompany\\Career-Platform\\src\\components\\common\\Select\\Select.tsx": {"path":"D:\\workspace\\r2scompany\\Career-Platform\\src\\components\\common\\Select\\Select.tsx","statementMap":{"0":{"start":{"line":1,"column":0},"end":{"line":1,"column":49}},"1":{"start":{"line":40,"column":15},"end":{"line":136,"column":null}},"2":{"start":{"line":61,"column":21},"end":{"line":61,"column":28}},"3":{"start":{"line":62,"column":15},"end":{"line":62,"column":37}},"4":{"start":{"line":65,"column":30},"end":{"line":65,"column":158}},"5":{"start":{"line":68,"column":24},"end":{"line":72,"column":6}},"6":{"start":{"line":75,"column":27},"end":{"line":81,"column":6}},"7":{"start":{"line":84,"column":25},"end":{"line":89,"column":6}},"8":{"start":{"line":92,"column":29},"end":{"line":96,"column":6}},"9":{"start":{"line":98,"column":26},"end":{"line":99,"column":null}},"10":{"start":{"line":102,"column":4},"end":{"line":135,"column":6}},"11":{"start":{"line":118,"column":14},"end":{"line":118,"column":41}},"12":{"start":{"line":139,"column":0},"end":{"line":139,"column":30}},"13":{"start":{"line":141,"column":0},"end":{"line":141,"column":22}}},"fnMap":{"0":{"name":"(anonymous_9)","decl":{"start":{"line":41,"column":2},"end":{"line":41,"column":null}},"loc":{"start":{"line":60,"column":6},"end":{"line":136,"column":3}}},"1":{"name":"(anonymous_10)","decl":{"start":{"line":117,"column":25},"end":{"line":117,"column":26}},"loc":{"start":{"line":118,"column":14},"end":{"line":118,"column":41}}}},"branchMap":{"0":{"loc":{"start":{"line":45,"column":6},"end":{"line":45,"column":17}},"type":"default-arg","locations":[{"start":{"line":45,"column":13},"end":{"line":45,"column":17}}]},"1":{"loc":{"start":{"line":46,"column":6},"end":{"line":46,"column":25}},"type":"default-arg","locations":[{"start":{"line":46,"column":16},"end":{"line":46,"column":25}}]},"2":{"loc":{"start":{"line":50,"column":6},"end":{"line":50,"column":23}},"type":"default-arg","locations":[{"start":{"line":50,"column":18},"end":{"line":50,"column":23}}]},"3":{"loc":{"start":{"line":51,"column":6},"end":{"line":51,"column":25}},"type":"default-arg","locations":[{"start":{"line":51,"column":20},"end":{"line":51,"column":25}}]},"4":{"loc":{"start":{"line":52,"column":6},"end":{"line":52,"column":22}},"type":"default-arg","locations":[{"start":{"line":52,"column":17},"end":{"line":52,"column":22}}]},"5":{"loc":{"start":{"line":54,"column":6},"end":{"line":54,"column":20}},"type":"default-arg","locations":[{"start":{"line":54,"column":18},"end":{"line":54,"column":20}}]},"6":{"loc":{"start":{"line":55,"column":6},"end":{"line":55,"column":27}},"type":"default-arg","locations":[{"start":{"line":55,"column":25},"end":{"line":55,"column":27}}]},"7":{"loc":{"start":{"line":62,"column":15},"end":{"line":62,"column":37}},"type":"binary-expr","locations":[{"start":{"line":62,"column":15},"end":{"line":62,"column":25}},{"start":{"line":62,"column":29},"end":{"line":62,"column":37}}]},"8":{"loc":{"start":{"line":85,"column":16},"end":{"line":85,"column":74}},"type":"cond-expr","locations":[{"start":{"line":85,"column":27},"end":{"line":85,"column":69}},{"start":{"line":85,"column":72},"end":{"line":85,"column":74}}]},"9":{"loc":{"start":{"line":86,"column":13},"end":{"line":86,"column":65}},"type":"cond-expr","locations":[{"start":{"line":86,"column":25},"end":{"line":86,"column":60}},{"start":{"line":86,"column":63},"end":{"line":86,"column":65}}]},"10":{"loc":{"start":{"line":87,"column":20},"end":{"line":87,"column":43}},"type":"cond-expr","locations":[{"start":{"line":87,"column":31},"end":{"line":87,"column":38}},{"start":{"line":87,"column":41},"end":{"line":87,"column":43}}]},"11":{"loc":{"start":{"line":88,"column":17},"end":{"line":88,"column":50}},"type":"cond-expr","locations":[{"start":{"line":88,"column":31},"end":{"line":88,"column":39}},{"start":{"line":88,"column":42},"end":{"line":88,"column":50}}]},"12":{"loc":{"start":{"line":104,"column":9},"end":{"line":107,"column":null}},"type":"binary-expr","locations":[{"start":{"line":104,"column":9},"end":{"line":104,"column":14}},{"start":{"line":105,"column":10},"end":{"line":106,"column":null}}]},"13":{"loc":{"start":{"line":105,"column":107},"end":{"line":105,"column":135}},"type":"cond-expr","locations":[{"start":{"line":105,"column":118},"end":{"line":105,"column":130}},{"start":{"line":105,"column":133},"end":{"line":105,"column":135}}]},"14":{"loc":{"start":{"line":110,"column":11},"end":{"line":110,"column":139}},"type":"binary-expr","locations":[{"start":{"line":110,"column":11},"end":{"line":110,"column":19}},{"start":{"line":110,"column":23},"end":{"line":110,"column":139}}]},"15":{"loc":{"start":{"line":111,"column":125},"end":{"line":111,"column":178}},"type":"cond-expr","locations":[{"start":{"line":111,"column":147},"end":{"line":111,"column":166}},{"start":{"line":111,"column":169},"end":{"line":111,"column":178}}]},"16":{"loc":{"start":{"line":111,"column":125},"end":{"line":111,"column":144}},"type":"binary-expr","locations":[{"start":{"line":111,"column":125},"end":{"line":111,"column":135}},{"start":{"line":111,"column":139},"end":{"line":111,"column":144}}]},"17":{"loc":{"start":{"line":112,"column":13},"end":{"line":115,"column":null}},"type":"binary-expr","locations":[{"start":{"line":112,"column":13},"end":{"line":112,"column":24}},{"start":{"line":113,"column":14},"end":{"line":114,"column":null}}]},"18":{"loc":{"start":{"line":129,"column":9},"end":{"line":132,"column":null}},"type":"binary-expr","locations":[{"start":{"line":129,"column":10},"end":{"line":129,"column":20}},{"start":{"line":129,"column":24},"end":{"line":129,"column":29}},{"start":{"line":130,"column":10},"end":{"line":131,"column":null}}]},"19":{"loc":{"start":{"line":130,"column":65},"end":{"line":130,"column":105}},"type":"cond-expr","locations":[{"start":{"line":130,"column":73},"end":{"line":130,"column":87}},{"start":{"line":130,"column":90},"end":{"line":130,"column":105}}]},"20":{"loc":{"start":{"line":131,"column":13},"end":{"line":131,"column":32}},"type":"binary-expr","locations":[{"start":{"line":131,"column":13},"end":{"line":131,"column":18}},{"start":{"line":131,"column":22},"end":{"line":131,"column":32}}]}},"s":{"0":1,"1":1,"2":0,"3":0,"4":0,"5":0,"6":0,"7":0,"8":0,"9":0,"10":0,"11":0,"12":1,"13":1},"f":{"0":0,"1":0},"b":{"0":[0],"1":[0],"2":[0],"3":[0],"4":[0],"5":[0],"6":[0],"7":[0,0],"8":[0,0],"9":[0,0],"10":[0,0],"11":[0,0],"12":[0,0],"13":[0,0],"14":[0,0],"15":[0,0],"16":[0,0],"17":[0,0],"18":[0,0,0],"19":[0,0],"20":[0,0]}}
,"D:\\workspace\\r2scompany\\Career-Platform\\src\\components\\common\\Select\\index.ts": {"path":"D:\\workspace\\r2scompany\\Career-Platform\\src\\components\\common\\Select\\index.ts","statementMap":{"0":{"start":{"line":1,"column":0},"end":{"line":1,"column":9}},"1":{"start":{"line":1,"column":9},"end":{"line":1,"column":35}}},"fnMap":{"0":{"name":"(anonymous_1)","decl":{"start":{"line":1,"column":9},"end":{"line":1,"column":16}},"loc":{"start":{"line":1,"column":9},"end":{"line":1,"column":35}}}},"branchMap":{},"s":{"0":1,"1":1},"f":{"0":0},"b":{}}
,"D:\\workspace\\r2scompany\\Career-Platform\\src\\features\\account\\components\\CancelSubscriptionModal.tsx": {"path":"D:\\workspace\\r2scompany\\Career-Platform\\src\\features\\account\\components\\CancelSubscriptionModal.tsx","statementMap":{"0":{"start":{"line":1,"column":0},"end":{"line":1,"column":47}},"1":{"start":{"line":3,"column":32},"end":{"line":27,"column":1}},"2":{"start":{"line":4,"column":19},"end":{"line":4,"column":32}},"3":{"start":{"line":5,"column":2},"end":{"line":26,"column":4}},"4":{"start":{"line":16,"column":35},"end":{"line":16,"column":47}},"5":{"start":{"line":19,"column":35},"end":{"line":19,"column":47}},"6":{"start":{"line":29,"column":0},"end":{"line":29,"column":39}}},"fnMap":{"0":{"name":"(anonymous_0)","decl":{"start":{"line":3,"column":32},"end":{"line":3,"column":33}},"loc":{"start":{"line":3,"column":107},"end":{"line":27,"column":1}}},"1":{"name":"(anonymous_1)","decl":{"start":{"line":16,"column":29},"end":{"line":16,"column":32}},"loc":{"start":{"line":16,"column":35},"end":{"line":16,"column":47}}},"2":{"name":"(anonymous_2)","decl":{"start":{"line":19,"column":29},"end":{"line":19,"column":32}},"loc":{"start":{"line":19,"column":35},"end":{"line":19,"column":47}}}},"branchMap":{},"s":{"0":1,"1":1,"2":0,"3":0,"4":0,"5":0,"6":1},"f":{"0":0,"1":0,"2":0},"b":{}}
,"D:\\workspace\\r2scompany\\Career-Platform\\src\\features\\auth\\slice.ts": {"path":"D:\\workspace\\r2scompany\\Career-Platform\\src\\features\\auth\\slice.ts","statementMap":{"0":{"start":{"line":1,"column":0},"end":{"line":1,"column":80}},"1":{"start":{"line":3,"column":0},"end":{"line":3,"column":53}},"2":{"start":{"line":6,"column":18},"end":{"line":6,"column":46}},"3":{"start":{"line":7,"column":23},"end":{"line":7,"column":51}},"4":{"start":{"line":10,"column":32},"end":{"line":15,"column":2}},"5":{"start":{"line":17,"column":0},"end":{"line":17,"column":49}},"6":{"start":{"line":19,"column":13},"end":{"line":51,"column":3}},"7":{"start":{"line":20,"column":2},"end":{"line":50,"column":3}},"8":{"start":{"line":21,"column":21},"end":{"line":21,"column":57}},"9":{"start":{"line":22,"column":4},"end":{"line":22,"column":54}},"10":{"start":{"line":23,"column":4},"end":{"line":23,"column":20}},"11":{"start":{"line":26,"column":4},"end":{"line":42,"column":5}},"12":{"start":{"line":27,"column":24},"end":{"line":27,"column":105}},"13":{"start":{"line":28,"column":6},"end":{"line":41,"column":7}},"14":{"start":{"line":29,"column":23},"end":{"line":29,"column":38}},"15":{"start":{"line":30,"column":24},"end":{"line":30,"column":64}},"16":{"start":{"line":32,"column":8},"end":{"line":40,"column":9}},"17":{"start":{"line":33,"column":10},"end":{"line":33,"column":74}},"18":{"start":{"line":34,"column":15},"end":{"line":40,"column":9}},"19":{"start":{"line":35,"column":10},"end":{"line":35,"column":64}},"20":{"start":{"line":36,"column":15},"end":{"line":40,"column":9}},"21":{"start":{"line":37,"column":10},"end":{"line":37,"column":78}},"22":{"start":{"line":39,"column":10},"end":{"line":39,"column":73}},"23":{"start":{"line":45,"column":4},"end":{"line":47,"column":5}},"24":{"start":{"line":46,"column":6},"end":{"line":46,"column":44}},"25":{"start":{"line":49,"column":4},"end":{"line":49,"column":103}},"26":{"start":{"line":53,"column":13},"end":{"line":67,"column":3}},"27":{"start":{"line":54,"column":2},"end":{"line":66,"column":3}},"28":{"start":{"line":55,"column":17},"end":{"line":55,"column":45}},"29":{"start":{"line":56,"column":4},"end":{"line":58,"column":5}},"30":{"start":{"line":57,"column":6},"end":{"line":57,"column":59}},"31":{"start":{"line":59,"column":4},"end":{"line":59,"column":46}},"32":{"start":{"line":60,"column":4},"end":{"line":60,"column":16}},"33":{"start":{"line":62,"column":4},"end":{"line":64,"column":5}},"34":{"start":{"line":63,"column":6},"end":{"line":63,"column":44}},"35":{"start":{"line":65,"column":4},"end":{"line":65,"column":64}},"36":{"start":{"line":69,"column":13},"end":{"line":71,"column":3}},"37":{"start":{"line":70,"column":2},"end":{"line":70,"column":23}},"38":{"start":{"line":73,"column":18},"end":{"line":146,"column":2}},"39":{"start":{"line":78,"column":6},"end":{"line":78,"column":25}},"40":{"start":{"line":79,"column":6},"end":{"line":79,"column":30}},"41":{"start":{"line":83,"column":6},"end":{"line":83,"column":45}},"42":{"start":{"line":86,"column":6},"end":{"line":86,"column":34}},"43":{"start":{"line":90,"column":4},"end":{"line":144,"column":9}},"44":{"start":{"line":92,"column":8},"end":{"line":92,"column":31}},"45":{"start":{"line":93,"column":8},"end":{"line":93,"column":27}},"46":{"start":{"line":96,"column":8},"end":{"line":96,"column":32}},"47":{"start":{"line":99,"column":8},"end":{"line":106,"column":9}},"48":{"start":{"line":100,"column":10},"end":{"line":100,"column":39}},"49":{"start":{"line":101,"column":10},"end":{"line":101,"column":38}},"50":{"start":{"line":104,"column":10},"end":{"line":104,"column":40}},"51":{"start":{"line":105,"column":10},"end":{"line":105,"column":73}},"52":{"start":{"line":108,"column":8},"end":{"line":108,"column":27}},"53":{"start":{"line":109,"column":8},"end":{"line":113,"column":11}},"54":{"start":{"line":116,"column":8},"end":{"line":116,"column":32}},"55":{"start":{"line":117,"column":8},"end":{"line":117,"column":38}},"56":{"start":{"line":118,"column":8},"end":{"line":118,"column":26}},"57":{"start":{"line":119,"column":8},"end":{"line":119,"column":86}},"58":{"start":{"line":120,"column":8},"end":{"line":120,"column":111}},"59":{"start":{"line":124,"column":8},"end":{"line":130,"column":9}},"60":{"start":{"line":125,"column":10},"end":{"line":125,"column":38}},"61":{"start":{"line":126,"column":10},"end":{"line":126,"column":39}},"62":{"start":{"line":129,"column":10},"end":{"line":129,"column":74}},"63":{"start":{"line":131,"column":8},"end":{"line":131,"column":111}},"64":{"start":{"line":135,"column":8},"end":{"line":135,"column":38}},"65":{"start":{"line":136,"column":8},"end":{"line":136,"column":26}},"66":{"start":{"line":137,"column":8},"end":{"line":137,"column":73}},"67":{"start":{"line":140,"column":8},"end":{"line":140,"column":26}},"68":{"start":{"line":141,"column":8},"end":{"line":141,"column":38}},"69":{"start":{"line":142,"column":8},"end":{"line":142,"column":27}},"70":{"start":{"line":143,"column":8},"end":{"line":143,"column":55}},"71":{"start":{"line":148,"column":13},"end":{"line":148,"column":61}},"72":{"start":{"line":149,"column":0},"end":{"line":149,"column":33}}},"fnMap":{"0":{"name":"(anonymous_1)","decl":{"start":{"line":19,"column":52},"end":{"line":19,"column":57}},"loc":{"start":{"line":19,"column":113},"end":{"line":51,"column":1}}},"1":{"name":"(anonymous_2)","decl":{"start":{"line":53,"column":64},"end":{"line":53,"column":69}},"loc":{"start":{"line":53,"column":97},"end":{"line":67,"column":1}}},"2":{"name":"(anonymous_3)","decl":{"start":{"line":69,"column":54},"end":{"line":69,"column":59}},"loc":{"start":{"line":69,"column":65},"end":{"line":71,"column":1}}},"3":{"name":"(anonymous_4)","decl":{"start":{"line":77,"column":20},"end":{"line":77,"column":21}},"loc":{"start":{"line":77,"column":30},"end":{"line":80,"column":5}}},"4":{"name":"(anonymous_5)","decl":{"start":{"line":82,"column":22},"end":{"line":82,"column":23}},"loc":{"start":{"line":82,"column":64},"end":{"line":84,"column":5}}},"5":{"name":"(anonymous_6)","decl":{"start":{"line":85,"column":13},"end":{"line":85,"column":14}},"loc":{"start":{"line":85,"column":59},"end":{"line":87,"column":5}}},"6":{"name":"(anonymous_7)","decl":{"start":{"line":89,"column":17},"end":{"line":89,"column":18}},"loc":{"start":{"line":89,"column":29},"end":{"line":145,"column":3}}},"7":{"name":"(anonymous_8)","decl":{"start":{"line":91,"column":30},"end":{"line":91,"column":31}},"loc":{"start":{"line":91,"column":40},"end":{"line":94,"column":7}}},"8":{"name":"(anonymous_9)","decl":{"start":{"line":95,"column":32},"end":{"line":95,"column":33}},"loc":{"start":{"line":95,"column":71},"end":{"line":114,"column":7}}},"9":{"name":"(anonymous_10)","decl":{"start":{"line":115,"column":31},"end":{"line":115,"column":32}},"loc":{"start":{"line":115,"column":49},"end":{"line":121,"column":7}}},"10":{"name":"(anonymous_11)","decl":{"start":{"line":122,"column":38},"end":{"line":122,"column":39}},"loc":{"start":{"line":122,"column":77},"end":{"line":132,"column":7}}},"11":{"name":"(anonymous_12)","decl":{"start":{"line":133,"column":37},"end":{"line":133,"column":38}},"loc":{"start":{"line":133,"column":47},"end":{"line":138,"column":7}}},"12":{"name":"(anonymous_13)","decl":{"start":{"line":139,"column":33},"end":{"line":139,"column":34}},"loc":{"start":{"line":139,"column":43},"end":{"line":144,"column":7}}}},"branchMap":{"0":{"loc":{"start":{"line":12,"column":19},"end":{"line":12,"column":48}},"type":"binary-expr","locations":[{"start":{"line":12,"column":19},"end":{"line":12,"column":30}},{"start":{"line":12,"column":34},"end":{"line":12,"column":48}}]},"1":{"loc":{"start":{"line":26,"column":4},"end":{"line":42,"column":5}},"type":"if","locations":[{"start":{"line":26,"column":4},"end":{"line":42,"column":5}}]},"2":{"loc":{"start":{"line":26,"column":8},"end":{"line":26,"column":65}},"type":"binary-expr","locations":[{"start":{"line":26,"column":8},"end":{"line":26,"column":13}},{"start":{"line":26,"column":17},"end":{"line":26,"column":42}},{"start":{"line":26,"column":46},"end":{"line":26,"column":65}}]},"3":{"loc":{"start":{"line":28,"column":6},"end":{"line":41,"column":7}},"type":"if","locations":[{"start":{"line":28,"column":6},"end":{"line":41,"column":7}}]},"4":{"loc":{"start":{"line":30,"column":24},"end":{"line":30,"column":64}},"type":"binary-expr","locations":[{"start":{"line":30,"column":24},"end":{"line":30,"column":46}},{"start":{"line":30,"column":50},"end":{"line":30,"column":64}}]},"5":{"loc":{"start":{"line":32,"column":8},"end":{"line":40,"column":9}},"type":"if","locations":[{"start":{"line":32,"column":8},"end":{"line":40,"column":9}},{"start":{"line":34,"column":15},"end":{"line":40,"column":9}}]},"6":{"loc":{"start":{"line":34,"column":15},"end":{"line":40,"column":9}},"type":"if","locations":[{"start":{"line":34,"column":15},"end":{"line":40,"column":9}},{"start":{"line":36,"column":15},"end":{"line":40,"column":9}}]},"7":{"loc":{"start":{"line":36,"column":15},"end":{"line":40,"column":9}},"type":"if","locations":[{"start":{"line":36,"column":15},"end":{"line":40,"column":9}},{"start":{"line":38,"column":15},"end":{"line":40,"column":9}}]},"8":{"loc":{"start":{"line":45,"column":4},"end":{"line":47,"column":5}},"type":"if","locations":[{"start":{"line":45,"column":4},"end":{"line":47,"column":5}}]},"9":{"loc":{"start":{"line":56,"column":4},"end":{"line":58,"column":5}},"type":"if","locations":[{"start":{"line":56,"column":4},"end":{"line":58,"column":5}}]},"10":{"loc":{"start":{"line":62,"column":4},"end":{"line":64,"column":5}},"type":"if","locations":[{"start":{"line":62,"column":4},"end":{"line":64,"column":5}}]},"11":{"loc":{"start":{"line":99,"column":8},"end":{"line":106,"column":9}},"type":"if","locations":[{"start":{"line":99,"column":8},"end":{"line":106,"column":9}},{"start":{"line":102,"column":15},"end":{"line":106,"column":9}}]},"12":{"loc":{"start":{"line":99,"column":12},"end":{"line":99,"column":50}},"type":"binary-expr","locations":[{"start":{"line":99,"column":12},"end":{"line":99,"column":26}},{"start":{"line":99,"column":30},"end":{"line":99,"column":50}}]},"13":{"loc":{"start":{"line":119,"column":23},"end":{"line":119,"column":85}},"type":"binary-expr","locations":[{"start":{"line":119,"column":23},"end":{"line":119,"column":48}},{"start":{"line":119,"column":52},"end":{"line":119,"column":85}}]},"14":{"loc":{"start":{"line":124,"column":8},"end":{"line":130,"column":9}},"type":"if","locations":[{"start":{"line":124,"column":8},"end":{"line":130,"column":9}},{"start":{"line":127,"column":15},"end":{"line":130,"column":9}}]},"15":{"loc":{"start":{"line":124,"column":12},"end":{"line":124,"column":50}},"type":"binary-expr","locations":[{"start":{"line":124,"column":12},"end":{"line":124,"column":26}},{"start":{"line":124,"column":30},"end":{"line":124,"column":50}}]}},"s":{"0":1,"1":1,"2":1,"3":1,"4":1,"5":1,"6":1,"7":0,"8":0,"9":0,"10":0,"11":0,"12":0,"13":0,"14":0,"15":0,"16":0,"17":0,"18":0,"19":0,"20":0,"21":0,"22":0,"23":0,"24":0,"25":0,"26":1,"27":0,"28":0,"29":0,"30":0,"31":0,"32":0,"33":0,"34":0,"35":0,"36":1,"37":0,"38":1,"39":0,"40":0,"41":0,"42":0,"43":1,"44":0,"45":0,"46":0,"47":0,"48":0,"49":0,"50":0,"51":0,"52":0,"53":0,"54":0,"55":0,"56":0,"57":0,"58":0,"59":0,"60":0,"61":0,"62":0,"63":0,"64":0,"65":0,"66":0,"67":0,"68":0,"69":0,"70":0,"71":1,"72":1},"f":{"0":0,"1":0,"2":0,"3":0,"4":0,"5":0,"6":1,"7":0,"8":0,"9":0,"10":0,"11":0,"12":0},"b":{"0":[1,0],"1":[0],"2":[0,0,0],"3":[0],"4":[0,0],"5":[0,0],"6":[0,0],"7":[0,0],"8":[0],"9":[0],"10":[0],"11":[0,0],"12":[0,0],"13":[0,0],"14":[0,0],"15":[0,0]}}
,"D:\\workspace\\r2scompany\\Career-Platform\\src\\features\\auth\\utils.ts": {"path":"D:\\workspace\\r2scompany\\Career-Platform\\src\\features\\auth\\utils.ts","statementMap":{"0":{"start":{"line":1,"column":29},"end":{"line":29,"column":1}},"1":{"start":{"line":2,"column":2},"end":{"line":2,"column":27}},"2":{"start":{"line":2,"column":14},"end":{"line":2,"column":27}},"3":{"start":{"line":4,"column":2},"end":{"line":28,"column":3}},"4":{"start":{"line":6,"column":18},"end":{"line":6,"column":34}},"5":{"start":{"line":7,"column":4},"end":{"line":9,"column":5}},"6":{"start":{"line":8,"column":6},"end":{"line":8,"column":19}},"7":{"start":{"line":12,"column":20},"end":{"line":12,"column":46}},"8":{"start":{"line":15,"column":4},"end":{"line":17,"column":5}},"9":{"start":{"line":16,"column":6},"end":{"line":16,"column":19}},"10":{"start":{"line":20,"column":16},"end":{"line":20,"column":45}},"11":{"start":{"line":21,"column":4},"end":{"line":23,"column":5}},"12":{"start":{"line":22,"column":6},"end":{"line":22,"column":19}},"13":{"start":{"line":25,"column":4},"end":{"line":25,"column":16}},"14":{"start":{"line":27,"column":4},"end":{"line":27,"column":17}},"15":{"start":{"line":1,"column":13},"end":{"line":1,"column":29}}},"fnMap":{"0":{"name":"(anonymous_0)","decl":{"start":{"line":1,"column":29},"end":{"line":1,"column":30}},"loc":{"start":{"line":1,"column":63},"end":{"line":29,"column":1}}}},"branchMap":{"0":{"loc":{"start":{"line":2,"column":2},"end":{"line":2,"column":27}},"type":"if","locations":[{"start":{"line":2,"column":2},"end":{"line":2,"column":27}}]},"1":{"loc":{"start":{"line":7,"column":4},"end":{"line":9,"column":5}},"type":"if","locations":[{"start":{"line":7,"column":4},"end":{"line":9,"column":5}}]},"2":{"loc":{"start":{"line":15,"column":4},"end":{"line":17,"column":5}},"type":"if","locations":[{"start":{"line":15,"column":4},"end":{"line":17,"column":5}}]},"3":{"loc":{"start":{"line":15,"column":8},"end":{"line":15,"column":52}},"type":"binary-expr","locations":[{"start":{"line":15,"column":8},"end":{"line":15,"column":20}},{"start":{"line":15,"column":24},"end":{"line":15,"column":36}},{"start":{"line":15,"column":40},"end":{"line":15,"column":52}}]},"4":{"loc":{"start":{"line":21,"column":4},"end":{"line":23,"column":5}},"type":"if","locations":[{"start":{"line":21,"column":4},"end":{"line":23,"column":5}}]}},"s":{"0":1,"1":0,"2":0,"3":0,"4":0,"5":0,"6":0,"7":0,"8":0,"9":0,"10":0,"11":0,"12":0,"13":0,"14":0,"15":1},"f":{"0":0},"b":{"0":[0],"1":[0],"2":[0],"3":[0,0,0],"4":[0]}}
[...]
23,"column":53}},"143":{"start":{"line":324,"column":6},"end":{"line":324,"column":19}},"144":{"start":{"line":329,"column":4},"end":{"line":341,"column":5}},"145":{"start":{"line":330,"column":29},"end":{"line":330,"column":88}},"146":{"start":{"line":331,"column":6},"end":{"line":331,"column":43}},"147":{"start":{"line":331,"column":30},"end":{"line":331,"column":43}},"148":{"start":{"line":333,"column":23},"end":{"line":335,"column":8}},"149":{"start":{"line":337,"column":6},"end":{"line":337,"column":37}},"150":{"start":{"line":339,"column":6},"end":{"line":339,"column":60}},"151":{"start":{"line":340,"column":6},"end":{"line":340,"column":19}},"152":{"start":{"line":346,"column":4},"end":{"line":348,"column":5}},"153":{"start":{"line":347,"column":6},"end":{"line":347,"column":19}},"154":{"start":{"line":351,"column":23},"end":{"line":351,"column":51}},"155":{"start":{"line":352,"column":4},"end":{"line":354,"column":5}},"156":{"start":{"line":353,"column":6},"end":{"line":353,"column":19}},"157":{"start":{"line":356,"column":4},"end":{"line":356,"column":16}},"158":{"start":{"line":360,"column":0},"end":{"line":360,"column":27}}},"fnMap":{"0":{"name":"(anonymous_1)","decl":{"start":{"line":35,"column":9},"end":{"line":35,"column":14}},"loc":{"start":{"line":35,"column":49},"end":{"line":96,"column":3}}},"1":{"name":"(anonymous_2)","decl":{"start":{"line":67,"column":31},"end":{"line":67,"column":32}},"loc":{"start":{"line":67,"column":38},"end":{"line":67,"column":106}}},"2":{"name":"(anonymous_3)","decl":{"start":{"line":98,"column":10},"end":{"line":98,"column":13}},"loc":{"start":{"line":98,"column":15},"end":{"line":112,"column":3}}},"3":{"name":"(anonymous_4)","decl":{"start":{"line":114,"column":18},"end":{"line":114,"column":21}},"loc":{"start":{"line":114,"column":23},"end":{"line":158,"column":3}}},"4":{"name":"(anonymous_5)","decl":{"start":{"line":160,"column":18},"end":{"line":160,"column":21}},"loc":{"start":{"line":160,"column":23},"end":{"line":213,"column":3}}},"5":{"name":"(anonymous_6)","decl":{"start":{"line":215,"column":22},"end":{"line":215,"column":40}},"loc":{"start":{"line":215,"column":42},"end":{"line":224,"column":3}}},"6":{"name":"(anonymous_7)","decl":{"start":{"line":226,"column":16},"end":{"line":226,"column":21}},"loc":{"start":{"line":226,"column":27},"end":{"line":247,"column":3}}},"7":{"name":"(anonymous_8)","decl":{"start":{"line":249,"column":24},"end":{"line":249,"column":29}},"loc":{"start":{"line":249,"column":35},"end":{"line":262,"column":3}}},"8":{"name":"(anonymous_9)","decl":{"start":{"line":264,"column":19},"end":{"line":264,"column":24}},"loc":{"start":{"line":264,"column":30},"end":{"line":296,"column":3}}},"9":{"name":"(anonymous_10)","decl":{"start":{"line":298,"column":21},"end":{"line":298,"column":26}},"loc":{"start":{"line":298,"column":52},"end":{"line":316,"column":3}}},"10":{"name":"(anonymous_11)","decl":{"start":{"line":305,"column":42},"end":{"line":305,"column":43}},"loc":{"start":{"line":305,"column":68},"end":{"line":308,"column":10}}},"11":{"name":"(anonymous_12)","decl":{"start":{"line":318,"column":17},"end":{"line":318,"column":22}},"loc":{"start":{"line":318,"column":45},"end":{"line":326,"column":3}}},"12":{"name":"(anonymous_13)","decl":{"start":{"line":328,"column":26},"end":{"line":328,"column":31}},"loc":{"start":{"line":328,"column":37},"end":{"line":342,"column":3}}},"13":{"name":"(anonymous_14)","decl":{"start":{"line":344,"column":15},"end":{"line":344,"column":16}},"loc":{"start":{"line":344,"column":39},"end":{"line":357,"column":3}}}},"branchMap":{"0":{"loc":{"start":{"line":42,"column":6},"end":{"line":62,"column":7}},"type":"if","locations":[{"start":{"line":42,"column":6},"end":{"line":62,"column":7}}]},"1":{"loc":{"start":{"line":42,"column":10},"end":{"line":42,"column":88}},"type":"binary-expr","locations":[{"start":{"line":42,"column":10},"end":{"line":42,"column":50}},{"start":{"line":42,"column":54},"end":{"line":42,"column":88}}]},"2":{"loc":{"start":{"line":66,"column":73},"end":{"line":66,"column":109}},"type":"cond-expr","locations":[{"start":{"line":66,"column":84},"end":{"line":66,"column":104}},{"start":{"line":66,"column":107},"end":{"line":66,"column":109}}]},"3":{"loc":{"start":{"line":67,"column":38},"end":{"line":67,"column":106}},"type":"binary-expr","locations":[{"start":{"line":67,"column":38},"end":{"line":67,"column":67}},{"start":{"line":67,"column":71},"end":{"line":67,"column":106}}]},"4":{"loc":{"start":{"line":68,"column":6},"end":{"line":88,"column":7}},"type":"if","locations":[{"start":{"line":68,"column":6},"end":{"line":88,"column":7}}]},"5":{"loc":{"start":{"line":117,"column":6},"end":{"line":120,"column":7}},"type":"if","locations":[{"start":{"line":117,"column":6},"end":{"line":120,"column":7}}]},"6":{"loc":{"start":{"line":117,"column":10},"end":{"line":117,"column":128}},"type":"binary-expr","locations":[{"start":{"line":117,"column":10},"end":{"line":117,"column":30}},{"start":{"line":117,"column":34},"end":{"line":117,"column":57}},{"start":{"line":117,"column":61},"end":{"line":117,"column":128}}]},"7":{"loc":{"start":{"line":124,"column":6},"end":{"line":127,"column":7}},"type":"if","locations":[{"start":{"line":124,"column":6},"end":{"line":127,"column":7}}]},"8":{"loc":{"start":{"line":124,"column":10},"end":{"line":124,"column":41}},"type":"binary-expr","locations":[{"start":{"line":124,"column":10},"end":{"line":124,"column":16}},{"start":{"line":124,"column":20},"end":{"line":124,"column":41}}]},"9":{"loc":{"start":{"line":131,"column":6},"end":{"line":134,"column":7}},"type":"if","locations":[{"start":{"line":131,"column":6},"end":{"line":134,"column":7}}]},"10":{"loc":{"start":{"line":138,"column":8},"end":{"line":141,"column":9}},"type":"if","locations":[{"start":{"line":138,"column":8},"end":{"line":141,"column":9}}]},"11":{"loc":{"start":{"line":163,"column":6},"end":{"line":166,"column":7}},"type":"if","locations":[{"start":{"line":163,"column":6},"end":{"line":166,"column":7}}]},"12":{"loc":{"start":{"line":163,"column":10},"end":{"line":163,"column":104}},"type":"binary-expr","locations":[{"start":{"line":163,"column":10},"end":{"line":163,"column":33}},{"start":{"line":163,"column":37},"end":{"line":163,"column":104}}]},"13":{"loc":{"start":{"line":172,"column":6},"end":{"line":177,"column":7}},"type":"if","locations":[{"start":{"line":172,"column":6},"end":{"line":177,"column":7}}]},"14":{"loc":{"start":{"line":172,"column":10},"end":{"line":172,"column":30}},"type":"binary-expr","locations":[{"start":{"line":172,"column":10},"end":{"line":172,"column":16}},{"start":{"line":172,"column":20},"end":{"line":172,"column":30}}]},"15":{"loc":{"start":{"line":180,"column":6},"end":{"line":185,"column":7}},"type":"if","locations":[{"start":{"line":180,"column":6},"end":{"line":185,"column":7}}]},"16":{"loc":{"start":{"line":219,"column":6},"end":{"line":221,"column":7}},"type":"if","locations":[{"start":{"line":219,"column":6},"end":{"line":221,"column":7}}]},"17":{"loc":{"start":{"line":229,"column":6},"end":{"line":231,"column":7}},"type":"if","locations":[{"start":{"line":229,"column":6},"end":{"line":231,"column":7}}]},"18":{"loc":{"start":{"line":235,"column":6},"end":{"line":241,"column":7}},"type":"if","locations":[{"start":{"line":235,"column":6},"end":{"line":241,"column":7}}]},"19":{"loc":{"start":{"line":235,"column":10},"end":{"line":235,"column":46}},"type":"binary-expr","locations":[{"start":{"line":235,"column":10},"end":{"line":235,"column":23}},{"start":{"line":235,"column":27},"end":{"line":235,"column":46}}]},"20":{"loc":{"start":{"line":251,"column":4},"end":{"line":251,"column":38}},"type":"if","locations":[{"start":{"line":251,"column":4},"end":{"line":251,"column":38}}]},"21":{"loc":{"start":{"line":256,"column":4},"end":{"line":259,"column":5}},"type":"if","locations":[{"start":{"line":256,"column":4},"end":{"line":259,"column":5}}]},"22":{"loc":{"start":{"line":256,"column":8},"end":{"line":256,"column":72}},"type":"binary-expr","locations":[{"start":{"line":256,"column":8},"end":{"line":256,"column":27}},{"start":{"line":256,"column":31},"end":{"line":256,"column":72}}]},"23":{"loc":{"start":{"line":267,"column":6},"end":{"line":267,"column":31}},"type":"if","locations":[{"start":{"line":267,"column":6},"end":{"line":267,"column":31}}]},"24":{"loc":{"start":{"line":302,"column":6},"end":{"line":309,"column":7}},"type":"if","locations":[{"start":{"line":302,"column":6},"end":{"line":309,"column":7}}]},"25":{"loc":{"start":{"line":302,"column":10},"end":{"line":302,"column":64}},"type":"binary-expr","locations":[{"start":{"line":302,"column":10},"end":{"line":302,"column":23}},{"start":{"line":302,"column":27},"end":{"line":302,"column":64}}]},"26":{"loc":{"start":{"line":303,"column":44},"end":{"line":303,"column":91}},"type":"binary-expr","locations":[{"start":{"line":303,"column":44},"end":{"line":303,"column":83}},{"start":{"line":303,"column":87},"end":{"line":303,"column":91}}]},"27":{"loc":{"start":{"line":330,"column":40},"end":{"line":330,"column":87}},"type":"binary-expr","locations":[{"start":{"line":330,"column":40},"end":{"line":330,"column":79}},{"start":{"line":330,"column":83},"end":{"line":330,"column":87}}]},"28":{"loc":{"start":{"line":331,"column":6},"end":{"line":331,"column":43}},"type":"if","locations":[{"start":{"line":331,"column":6},"end":{"line":331,"column":43}}]},"29":{"loc":{"start":{"line":346,"column":4},"end":{"line":348,"column":5}},"type":"if","locations":[{"start":{"line":346,"column":4},"end":{"line":348,"column":5}}]},"30":{"loc":{"start":{"line":346,"column":8},"end":{"line":346,"column":86}},"type":"binary-expr","locations":[{"start":{"line":346,"column":8},"end":{"line":346,"column":16}},{"start":{"line":346,"column":20},"end":{"line":346,"column":34}},{"start":{"line":346,"column":38},"end":{"line":346,"column":49}},{"start":{"line":346,"column":53},"end":{"line":346,"column":68}},{"start":{"line":346,"column":72},"end":{"line":346,"column":86}}]},"31":{"loc":{"start":{"line":352,"column":4},"end":{"line":354,"column":5}},"type":"if","locations":[{"start":{"line":352,"column":4},"end":{"line":354,"column":5}}]}},"s":{"0":1,"1":1,"2":1,"3":1,"4":1,"5":1,"6":1,"7":1,"8":0,"9":0,"10":0,"11":0,"12":0,"13":0,"14":0,"15":0,"16":0,"17":0,"18":0,"19":0,"20":0,"21":0,"22":0,"23":0,"24":0,"25":0,"26":0,"27":0,"28":0,"29":0,"30":0,"31":0,"32":0,"33":0,"34":0,"35":0,"36":0,"37":0,"38":0,"39":2,"40":2,"41":0,"42":0,"43":2,"44":2,"45":2,"46":2,"47":0,"48":0,"49":0,"50":0,"51":0,"52":0,"53":0,"54":0,"55":0,"56":0,"57":0,"58":0,"59":0,"60":0,"61":0,"62":0,"63":2,"64":2,"65":0,"66":0,"67":2,"68":2,"69":2,"70":2,"71":2,"72":2,"73":2,"74":0,"75":0,"76":0,"77":0,"78":0,"79":0,"80":0,"81":0,"82":0,"83":0,"84":0,"85":0,"86":0,"87":0,"88":0,"89":0,"90":0,"91":0,"92":0,"93":0,"94":0,"95":0,"96":0,"97":0,"98":0,"99":0,"100":0,"101":0,"102":0,"103":0,"104":0,"105":0,"106":0,"107":0,"108":0,"109":0,"110":0,"111":0,"112":0,"113":0,"114":0,"115":0,"116":0,"117":0,"118":0,"119":0,"120":0,"121":0,"122":0,"123":0,"124":0,"125":0,"126":0,"127":0,"128":0,"129":0,"130":0,"131":0,"132":0,"133":0,"134":0,"135":0,"136":0,"137":0,"138":0,"139":0,"140":0,"141":0,"142":0,"143":0,"144":0,"145":0,"146":0,"147":0,"148":0,"149":0,"150":0,"151":0,"152":0,"153":0,"154":0,"155":0,"156":0,"157":0,"158":1},"f":{"0":0,"1":0,"2":0,"3":2,"4":2,"5":0,"6":0,"7":0,"8":0,"9":0,"10":0,"11":0,"12":0,"13":0},"b":{"0":[0],"1":[0,0],"2":[0,0],"3":[0,0],"4":[0],"5":[0],"6":[2,0,0],"7":[2],"8":[2,0],"9":[0],"10":[0],"11":[0],"12":[2,0],"13":[2],"14":[2,0],"15":[0],"16":[0],"17":[0],"18":[0],"19":[0,0],"20":[0],"21":[0],"22":[0,0],"23":[0],"24":[0],"25":[0,0],"26":[0,0],"27":[0,0],"28":[0],"29":[0],"30":[0,0,0,0,0],"31":[0]}}
,"D:\\workspace\\r2scompany\\Career-Platform\\src\\services\\axios.ts": {"path":"D:\\workspace\\r2scompany\\Career-Platform\\src\\services\\axios.ts","statementMap":{"0":{"start":{"line":1,"column":0},"end":{"line":1,"column":26}},"1":{"start":{"line":4,"column":20},"end":{"line":4,"column":24}},"2":{"start":{"line":6,"column":0},"end":{"line":6,"column":69}},"3":{"start":{"line":7,"column":0},"end":{"line":7,"column":87}},"4":{"start":{"line":8,"column":0},"end":{"line":8,"column":53}},"5":{"start":{"line":9,"column":0},"end":{"line":9,"column":47}},"6":{"start":{"line":11,"column":22},"end":{"line":20,"column":2}},"7":{"start":{"line":23,"column":0},"end":{"line":59,"column":2}},"8":{"start":{"line":25,"column":4},"end":{"line":32,"column":5}},"9":{"start":{"line":26,"column":6},"end":{"line":31,"column":9}},"10":{"start":{"line":34,"column":18},"end":{"line":34,"column":47}},"11":{"start":{"line":35,"column":4},"end":{"line":37,"column":5}},"12":{"start":{"line":36,"column":6},"end":{"line":36,"column":55}},"13":{"start":{"line":40,"column":16},"end":{"line":40,"column":32}},"14":{"start":{"line":41,"column":22},"end":{"line":41,"column":39}},"15":{"start":{"line":42,"column":22},"end":{"line":42,"column":42}},"16":{"start":{"line":43,"column":4},"end":{"line":43,"column":67}},"17":{"start":{"line":46,"column":4},"end":{"line":51,"column":5}},"18":{"start":{"line":47,"column":24},"end":{"line":47,"column":58}},"19":{"start":{"line":48,"column":6},"end":{"line":50,"column":7}},"20":{"start":{"line":49,"column":8},"end":{"line":49,"column":51}},"21":{"start":{"line":53,"column":4},"end":{"line":53,"column":18}},"22":{"start":{"line":56,"column":4},"end":{"line":56,"column":43}},"23":{"start":{"line":57,"column":4},"end":{"line":57,"column":33}},"24":{"start":{"line":62,"column":0},"end":{"line":97,"column":2}},"25":{"start":{"line":64,"column":4},"end":{"line":71,"column":5}},"26":{"start":{"line":65,"column":6},"end":{"line":70,"column":9}},"27":{"start":{"line":72,"column":4},"end":{"line":72,"column":20}},"28":{"start":{"line":75,"column":4},"end":{"line":86,"column":6}},"29":{"start":{"line":88,"column":4},"end":{"line":94,"column":5}},"30":{"start":{"line":90,"column":6},"end":{"line":93,"column":7}},"31":{"start":{"line":92,"column":8},"end":{"line":92,"column":41}},"32":{"start":{"line":95,"column":4},"end":{"line":95,"column":33}},"33":{"start":{"line":99,"column":0},"end":{"line":99,"column":29}}},"fnMap":{"0":{"name":"(anonymous_1)","decl":{"start":{"line":24,"column":2},"end":{"line":24,"column":3}},"loc":{"start":{"line":24,"column":13},"end":{"line":54,"column":3}}},"1":{"name":"(anonymous_2)","decl":{"start":{"line":55,"column":2},"end":{"line":55,"column":3}},"loc":{"start":{"line":55,"column":12},"end":{"line":58,"column":3}}},"2":{"name":"(anonymous_3)","decl":{"start":{"line":63,"column":2},"end":{"line":63,"column":3}},"loc":{"start":{"line":63,"column":15},"end":{"line":73,"column":3}}},"3":{"name":"(anonymous_4)","decl":{"start":{"line":74,"column":2},"end":{"line":74,"column":3}},"loc":{"start":{"line":74,"column":12},"end":{"line":96,"column":3}}}},"branchMap":{"0":{"loc":{"start":{"line":25,"column":4},"end":{"line":32,"column":5}},"type":"if","locations":[{"start":{"line":25,"column":4},"end":{"line":32,"column":5}}]},"1":{"loc":{"start":{"line":35,"column":4},"end":{"line":37,"column":5}},"type":"if","locations":[{"start":{"line":35,"column":4},"end":{"line":37,"column":5}}]},"2":{"loc":{"start":{"line":40,"column":16},"end":{"line":40,"column":32}},"type":"binary-expr","locations":[{"start":{"line":40,"column":16},"end":{"line":40,"column":26}},{"start":{"line":40,"column":30},"end":{"line":40,"column":32}}]},"3":{"loc":{"start":{"line":43,"column":24},"end":{"line":43,"column":45}},"type":"cond-expr","locations":[{"start":{"line":43,"column":36},"end":{"line":43,"column":39}},{"start":{"line":43,"column":42},"end":{"line":43,"column":45}}]},"4":{"loc":{"start":{"line":46,"column":4},"end":{"line":51,"column":5}},"type":"if","locations":[{"start":{"line":46,"column":4},"end":{"line":51,"column":5}}]},"5":{"loc":{"start":{"line":48,"column":6},"end":{"line":50,"column":7}},"type":"if","locations":[{"start":{"line":48,"column":6},"end":{"line":50,"column":7}}]},"6":{"loc":{"start":{"line":64,"column":4},"end":{"line":71,"column":5}},"type":"if","locations":[{"start":{"line":64,"column":4},"end":{"line":71,"column":5}}]},"7":{"loc":{"start":{"line":78,"column":6},"end":{"line":85,"column":23}},"type":"cond-expr","locations":[{"start":{"line":79,"column":10},"end":{"line":84,"column":null}},{"start":{"line":85,"column":10},"end":{"line":85,"column":23}}]},"8":{"loc":{"start":{"line":88,"column":4},"end":{"line":94,"column":5}},"type":"if","locations":[{"start":{"line":88,"column":4},"end":{"line":94,"column":5}}]},"9":{"loc":{"start":{"line":90,"column":6},"end":{"line":93,"column":7}},"type":"if","locations":[{"start":{"line":90,"column":6},"end":{"line":93,"column":7}}]}},"s":{"0":1,"1":1,"2":1,"3":1,"4":1,"5":1,"6":1,"7":1,"8":0,"9":0,"10":0,"11":0,"12":0,"13":0,"14":0,"15":0,"16":0,"17":0,"18":0,"19":0,"20":0,"21":0,"22":0,"23":0,"24":1,"25":0,"26":0,"27":0,"28":0,"29":0,"30":0,"31":0,"32":0,"33":1},"f":{"0":0,"1":0,"2":0,"3":0},"b":{"0":[0],"1":[0],"2":[0,0],"3":[0,0],"4":[0],"5":[0],"6":[0],"7":[0,0],"8":[0],"9":[0]}}
,"D:\\workspace\\r2scompany\\Career-Platform\\src\\store\\index.ts": {"path":"D:\\workspace\\r2scompany\\Career-Platform\\src\\store\\index.ts","statementMap":{"0":{"start":{"line":1,"column":0},"end":{"line":1,"column":50}},"1":{"start":{"line":2,"column":0},"end":{"line":2,"column":55}},"2":{"start":{"line":3,"column":0},"end":{"line":3,"column":77}},"3":{"start":{"line":4,"column":0},"end":{"line":4,"column":50}},"4":{"start":{"line":5,"column":0},"end":{"line":5,"column":63}},"5":{"start":{"line":8,"column":43},"end":{"line":15,"column":2}},"6":{"start":{"line":18,"column":18},"end":{"line":18,"column":38}},"7":{"start":{"line":19,"column":20},"end":{"line":19,"column":38}},"8":{"start":{"line":21,"column":0},"end":{"line":21,"column":78}},"9":{"start":{"line":24,"column":14},"end":{"line":37,"column":2}},"10":{"start":{"line":29,"column":4},"end":{"line":36,"column":29}},"11":{"start":{"line":42,"column":30},"end":{"line":42,"column":62}},"12":{"start":{"line":42,"column":36},"end":{"line":42,"column":62}},"13":{"start":{"line":42,"column":13},"end":{"line":42,"column":30}},"14":{"start":{"line":43,"column":13},"end":{"line":43,"column":75}},"15":{"start":{"line":46,"column":26},"end":{"line":50,"column":1}},"16":{"start":{"line":47,"column":2},"end":{"line":47,"column":23}},"17":{"start":{"line":48,"column":2},"end":{"line":48,"column":25}},"18":{"start":{"line":49,"column":2},"end":{"line":49,"column":43}},"19":{"start":{"line":46,"column":13},"end":{"line":46,"column":26}},"20":{"start":{"line":52,"column":0},"end":{"line":52,"column":21}}},"fnMap":{"0":{"name":"(anonymous_1)","decl":{"start":{"line":28,"column":14},"end":{"line":28,"column":15}},"loc":{"start":{"line":29,"column":4},"end":{"line":36,"column":29}}},"1":{"name":"(anonymous_2)","decl":{"start":{"line":42,"column":30},"end":{"line":42,"column":33}},"loc":{"start":{"line":42,"column":36},"end":{"line":42,"column":62}}},"2":{"name":"(anonymous_3)","decl":{"start":{"line":46,"column":26},"end":{"line":46,"column":29}},"loc":{"start":{"line":46,"column":31},"end":{"line":50,"column":1}}}},"branchMap":{},"s":{"0":1,"1":1,"2":1,"3":1,"4":1,"5":1,"6":1,"7":1,"8":1,"9":1,"10":1,"11":1,"12":1,"13":1,"14":1,"15":1,"16":0,"17":0,"18":0,"19":1,"20":1},"f":{"0":1,"1":1,"2":0},"b":{}}
,"D:\\workspace\\r2scompany\\Career-Platform\\src\\store\\rootReducer.ts": {"path":"D:\\workspace\\r2scompany\\Career-Platform\\src\\store\\rootReducer.ts","statementMap":{"0":{"start":{"line":1,"column":0},"end":{"line":1,"column":51}},"1":{"start":{"line":2,"column":0},"end":{"line":2,"column":49}},"2":{"start":{"line":3,"column":0},"end":{"line":3,"column":51}},"3":{"start":{"line":5,"column":20},"end":{"line":9,"column":2}},"4":{"start":{"line":12,"column":0},"end":{"line":12,"column":27}}},"fnMap":{},"branchMap":{},"s":{"0":1,"1":1,"2":1,"3":1,"4":1},"f":{},"b":{}}
}
