TN:
SF:src\features\career\pages\CodePage.tsx
FN:16,(anonymous_9)
FN:29,(anonymous_10)
FN:30,(anonymous_11)
FN:36,(anonymous_12)
FN:38,(anonymous_13)
FN:44,(anonymous_14)
FN:45,(anonymous_15)
FN:60,(anonymous_16)
FN:61,(anonymous_17)
FN:75,(anonymous_18)
FN:82,(anonymous_19)
FN:84,(anonymous_20)
FNF:12
FNH:12
FNDA:30,(anonymous_9)
FNDA:30,(anonymous_10)
FNDA:112,(anonymous_11)
FNDA:3,(anonymous_12)
FNDA:2,(anonymous_13)
FNDA:12,(anonymous_14)
FNDA:12,(anonymous_15)
FNDA:4,(anonymous_16)
FNDA:120,(anonymous_17)
FNDA:3,(anonymous_18)
FNDA:150,(anonymous_19)
FNDA:12,(anonymous_20)
DA:1,1
DA:4,1
DA:6,1
DA:16,1
DA:17,30
DA:18,30
DA:19,30
DA:20,30
DA:21,30
DA:29,30
DA:30,112
DA:31,30
DA:32,3
DA:36,30
DA:37,3
DA:38,3
DA:39,2
DA:40,2
DA:44,30
DA:45,12
DA:51,30
DA:60,4
DA:62,120
DA:75,3
DA:83,150
DA:84,12
DA:111,1
LF:27
LH:27
BRDA:31,0,0,3
BRDA:31,1,0,30
BRDA:31,1,1,9
BRDA:31,1,2,9
BRDA:31,1,3,6
BRDA:90,2,0,30
BRDA:90,2,1,3
BRDA:90,2,2,1
BRDA:99,3,0,30
BRDA:99,3,1,4
BRF:10
BRH:10
end_of_record
