TN:
SF:src\features\dashboard\components\CheckoutModal.tsx
FN:12,(anonymous_9)
FN:16,(anonymous_10)
FN:19,(anonymous_11)
FN:20,(anonymous_12)
FN:29,(anonymous_13)
FN:32,(anonymous_14)
FN:38,(anonymous_15)
FN:42,(anonymous_16)
FN:46,(anonymous_17)
FNF:9
FNH:6
FNDA:4,(anonymous_9)
FNDA:3,(anonymous_10)
FNDA:0,(anonymous_11)
FNDA:0,(anonymous_12)
FNDA:3,(anonymous_13)
FNDA:4,(anonymous_14)
FNDA:1,(anonymous_15)
FNDA:1,(anonymous_16)
FNDA:0,(anonymous_17)
DA:1,1
DA:2,1
DA:12,1
DA:13,4
DA:14,4
DA:16,4
DA:17,3
DA:19,3
DA:20,0
DA:21,0
DA:22,0
DA:23,0
DA:25,0
DA:29,3
DA:32,4
DA:33,4
DA:34,4
DA:35,4
DA:38,4
DA:39,1
DA:40,1
DA:42,4
DA:44,1
DA:45,1
DA:46,1
DA:49,4
DA:91,1
LF:27
LH:22
BRDA:17,0,0,0
BRDA:21,1,0,0
BRDA:40,2,0,1
BRDA:40,2,1,0
BRDA:50,3,0,4
BRDA:50,3,1,0
BRDA:83,4,0,1
BRDA:83,4,1,3
BRF:8
BRH:4
end_of_record
